<?xml version="1.0" encoding="UTF-8"?>
<testsuite xmlns:xsi="http://www.w3.org/2001/XMLSchema-instance" xsi:noNamespaceSchemaLocation="https://maven.apache.org/surefire/maven-surefire-plugin/xsd/surefire-test-report.xsd" name="store.runner.Runner" time="5.571" tests="3" errors="0" skipped="0" failures="1">
  <properties>
[...]
</properties>
  <testcase name="Using the POST request and adding new user at the page" classname="Creating the new user at the petStore page" time="2.561"/>
  <testcase name="Validate number of the pets in API server" classname="Validate how many pets have the status “available&quot; and the name “doggie”." time="1.85">
    <failure message="Verify doggie names count  expected:&lt;406&gt; but was:&lt;220&gt;" type="java.lang.AssertionError"><![CDATA[java.lang.AssertionError: Verify doggie names count  expected:<406> but was:<220>
]]></failure>
    <system-out><![CDATA[
@Api_pet @live
Scenario: Validate number of the pets in API server                 &amp#27;[90m# src/test/resources/api_features/FindByStatus.feature:5&amp#27;[0m
DEBUG   2022-03-23 22:08:07,302 [main] org.apache.http.impl.conn.BasicClientConnectionManager  - Get connection for route {s}->https://petstore.swagger.io:443
DEBUG   2022-03-23 22:08:07,303 [main] org.apache.http.impl.conn.DefaultClientConnectionOperator  - Connecting to petstore.swagger.io:443
DEBUG   2022-03-23 22:08:07,732 [main] org.apache.http.client.protocol.RequestAddCookies  - CookieSpec selected: ignoreCookies
DEBUG   2022-03-23 22:08:07,733 [main] org.apache.http.client.protocol.RequestAuthCache  - Auth cache not set in the context
DEBUG   2022-03-23 22:08:07,733 [main] org.apache.http.client.protocol.RequestTargetAuthentication  - Target auth state: UNCHALLENGED
DEBUG   2022-03-23 22:08:07,733 [main] org.apache.http.client.protocol.RequestProxyAuthentication  - Proxy auth state: UNCHALLENGED
DEBUG   2022-03-23 22:08:07,735 [main] org.apache.http.impl.client.DefaultHttpClient  - Attempt 1 to execute request
DEBUG   2022-03-23 22:08:07,736 [main] org.apache.http.impl.conn.DefaultClientConnection  - Sending request: GET /v2/pet/findByStatus HTTP/1.1
DEBUG   2022-03-23 22:08:07,736 [main] org.apache.http.wire  -  >> "GET /v2/pet/findByStatus HTTP/1.1[\r][\n]"
DEBUG   2022-03-23 22:08:07,736 [main] org.apache.http.wire  -  >> "Accept: */*[\r][\n]"
DEBUG   2022-03-23 22:08:07,736 [main] org.apache.http.wire  -  >> "Host: petstore.swagger.io[\r][\n]"
DEBUG   2022-03-23 22:08:07,736 [main] org.apache.http.wire  -  >> "Connection: Keep-Alive[\r][\n]"
DEBUG   2022-03-23 22:08:07,736 [main] org.apache.http.wire  -  >> "User-Agent: Apache-HttpClient/4.5.13 (Java/14.0.1)[\r][\n]"
DEBUG   2022-03-23 22:08:07,737 [main] org.apache.http.wire  -  >> "Accept-Encoding: gzip,deflate[\r][\n]"
DEBUG   2022-03-23 22:08:07,737 [main] org.apache.http.wire  -  >> "[\r][\n]"
DEBUG   2022-03-23 22:08:07,737 [main] org.apache.http.headers  - >> GET /v2/pet/findByStatus HTTP/1.1
DEBUG   2022-03-23 22:08:07,737 [main] org.apache.http.headers  - >> Accept: */*
DEBUG   2022-03-23 22:08:07,737 [main] org.apache.http.headers  - >> Host: petstore.swagger.io
DEBUG   2022-03-23 22:08:07,737 [main] org.apache.http.headers  - >> Connection: Keep-Alive
DEBUG   2022-03-23 22:08:07,737 [main] org.apache.http.headers  - >> User-Agent: Apache-HttpClient/4.5.13 (Java/14.0.1)
DEBUG   2022-03-23 22:08:07,738 [main] org.apache.http.headers  - >> Accept-Encoding: gzip,deflate
DEBUG   2022-03-23 22:08:07,824 [main] org.apache.http.wire  -  << "HTTP/1.1 200 OK[\r][\n]"
DEBUG   2022-03-23 22:08:07,825 [main] org.apache.http.wire  -  << "Date: Wed, 23 Mar 2022 22:08:07 GMT[\r][\n]"
DEBUG   2022-03-23 22:08:07,825 [main] org.apache.http.wire  -  << "Content-Type: application/json[\r][\n]"
DEBUG   2022-03-23 22:08:07,825 [main] org.apache.http.wire  -  << "Transfer-Encoding: chunked[\r][\n]"
DEBUG   2022-03-23 22:08:07,826 [main] org.apache.http.wire  -  << "Connection: keep-alive[\r][\n]"
DEBUG   2022-03-23 22:08:07,826 [main] org.apache.http.wire  -  << "Access-Control-Allow-Origin: *[\r][\n]"
DEBUG   2022-03-23 22:08:07,826 [main] org.apache.http.wire  -  << "Access-Control-Allow-Methods: GET, POST, DELETE, PUT[\r][\n]"
DEBUG   2022-03-23 22:08:07,826 [main] org.apache.http.wire  -  << "Access-Control-Allow-Headers: Content-Type, api_key, Authorization[\r][\n]"
DEBUG   2022-03-23 22:08:07,827 [main] org.apache.http.wire  -  << "Server: Jetty(9.2.9.v20150224)[\r][\n]"
DEBUG   2022-03-23 22:08:07,827 [main] org.apache.http.wire  -  << "[\r][\n]"
DEBUG   2022-03-23 22:08:07,827 [main] org.apache.http.impl.conn.DefaultClientConnection  - Receiving response: HTTP/1.1 200 OK
DEBUG   2022-03-23 22:08:07,827 [main] org.apache.http.headers  - << HTTP/1.1 200 OK
DEBUG   2022-03-23 22:08:07,828 [main] org.apache.http.headers  - << Date: Wed, 23 Mar 2022 22:08:07 GMT
DEBUG   2022-03-23 22:08:07,828 [main] org.apache.http.headers  - << Content-Type: application/json
DEBUG   2022-03-23 22:08:07,828 [main] org.apache.http.headers  - << Transfer-Encoding: chunked
DEBUG   2022-03-23 22:08:07,828 [main] org.apache.http.headers  - << Connection: keep-alive
DEBUG   2022-03-23 22:08:07,828 [main] org.apache.http.headers  - << Access-Control-Allow-Origin: *
DEBUG   2022-03-23 22:08:07,828 [main] org.apache.http.headers  - << Access-Control-Allow-Methods: GET, POST, DELETE, PUT
DEBUG   2022-03-23 22:08:07,828 [main] org.apache.http.headers  - << Access-Control-Allow-Headers: Content-Type, api_key, Authorization
DEBUG   2022-03-23 22:08:07,828 [main] org.apache.http.headers  - << Server: Jetty(9.2.9.v20150224)
DEBUG   2022-03-23 22:08:07,829 [main] org.apache.http.impl.client.DefaultHttpClient  - Connection can be kept alive indefinitely
DEBUG   2022-03-23 22:08:07,829 [main] io.restassured.internal.RequestSpecificationImpl$RestAssuredHttpBuilder  - Parsing response as: application/json
DEBUG   2022-03-23 22:08:07,830 [main] io.restassured.internal.RequestSpecificationImpl$RestAssuredHttpBuilder  - Parsed data to instance of: class org.apache.http.conn.EofSensorInputStream
  &amp#27;[32mGiven &amp#27;[0m&amp#27;[32muser send GET request to &amp#27;[0m&amp#27;[32m&amp#27;[1m/pet/findByStatus&amp#27;[0m&amp#27;[32m endpoint&amp#27;[0m         &amp#27;[90m# store.step_definitions.ApiStepDefinitions.user_send_get_request_to_endpoint(java.lang.String)&amp#27;[0m
  &amp#27;[32mAnd &amp#27;[0m&amp#27;[32mverify that status code &amp#27;[0m&amp#27;[32m&amp#27;[1m200&amp#27;[0m&amp#27;[32m and content type &amp#27;[0m&amp#27;[32m&amp#27;[1mapplication/json&amp#27;[0m &amp#27;[90m# store.step_definitions.ApiStepDefinitions.verify_that_status_code_and_content_type(int,java.lang.String)&amp#27;[0m
DEBUG   2022-03-23 22:08:07,857 [main] org.apache.http.impl.conn.BasicClientConnectionManager  - Get connection for route {s}->https://petstore.swagger.io:443
DEBUG   2022-03-23 22:08:07,857 [main] org.apache.http.impl.conn.DefaultClientConnectionOperator  - Connecting to petstore.swagger.io:443
DEBUG   2022-03-23 22:08:08,304 [main] org.apache.http.client.protocol.RequestAddCookies  - CookieSpec selected: ignoreCookies
DEBUG   2022-03-23 22:08:08,304 [main] org.apache.http.client.protocol.RequestAuthCache  - Auth cache not set in the context
DEBUG   2022-03-23 22:08:08,304 [main] org.apache.http.client.protocol.RequestTargetAuthentication  - Target auth state: UNCHALLENGED
DEBUG   2022-03-23 22:08:08,304 [main] org.apache.http.client.protocol.RequestProxyAuthentication  - Proxy auth state: UNCHALLENGED
DEBUG   2022-03-23 22:08:08,305 [main] org.apache.http.impl.client.DefaultHttpClient  - Attempt 1 to execute request
DEBUG   2022-03-23 22:08:08,305 [main] org.apache.http.impl.conn.DefaultClientConnection  - Sending request: GET /v2/pet/findByStatus?status=available HTTP/1.1
DEBUG   2022-03-23 22:08:08,305 [main] org.apache.http.wire  -  >> "GET /v2/pet/findByStatus?status=available HTTP/1.1[\r][\n]"
DEBUG   2022-03-23 22:08:08,305 [main] org.apache.http.wire  -  >> "Accept: */*[\r][\n]"
DEBUG   2022-03-23 22:08:08,306 [main] org.apache.http.wire  -  >> "Host: petstore.swagger.io[\r][\n]"
DEBUG   2022-03-23 22:08:08,306 [main] org.apache.http.wire  -  >> "Connection: Keep-Alive[\r][\n]"
DEBUG   2022-03-23 22:08:08,306 [main] org.apache.http.wire  -  >> "User-Agent: Apache-HttpClient/4.5.13 (Java/14.0.1)[\r][\n]"
DEBUG   2022-03-23 22:08:08,306 [main] org.apache.http.wire  -  >> "Accept-Encoding: gzip,deflate[\r][\n]"
DEBUG   2022-03-23 22:08:08,306 [main] org.apache.http.wire  -  >> "[\r][\n]"
DEBUG   2022-03-23 22:08:08,307 [main] org.apache.http.headers  - >> GET /v2/pet/findByStatus?status=available HTTP/1.1
DEBUG   2022-03-23 22:08:08,307 [main] org.apache.http.headers  - >> Accept: */*
DEBUG   2022-03-23 22:08:08,307 [main] org.apache.http.headers  - >> Host: petstore.swagger.io
DEBUG   2022-03-23 22:08:08,307 [main] org.apache.http.headers  - >> Connection: Keep-Alive
DEBUG   2022-03-23 22:08:08,307 [main] org.apache.http.headers  - >> User-Agent: Apache-HttpClient/4.5.13 (Java/14.0.1)
DEBUG   2022-03-23 22:08:08,308 [main] org.apache.http.headers  - >> Accept-Encoding: gzip,deflate
DEBUG   2022-03-23 22:08:08,516 [main] org.apache.http.wire  -  << "HTTP/1.1 200 OK[\r][\n]"
DEBUG   2022-03-23 22:08:08,516 [main] org.apache.http.wire  -  << "Date: Wed, 23 Mar 2022 22:08:08 GMT[\r][\n]"
DEBUG   2022-03-23 22:08:08,516 [main] org.apache.http.wire  -  << "Content-Type: application/json[\r][\n]"
DEBUG   2022-03-23 22:08:08,516 [main] org.apache.http.wire  -  << "Transfer-Encoding: chunked[\r][\n]"
DEBUG   2022-03-23 22:08:08,516 [main] org.apache.http.wire  -  << "Connection: keep-alive[\r][\n]"
DEBUG   2022-03-23 22:08:08,516 [main] org.apache.http.wire  -  << "Access-Control-Allow-Origin: *[\r][\n]"
DEBUG   2022-03-23 22:08:08,516 [main] org.apache.http.wire  -  << "Access-Control-Allow-Methods: GET, POST, DELETE, PUT[\r][\n]"
DEBUG   2022-03-23 22:08:08,517 [main] org.apache.http.wire  -  << "Access-Control-Allow-Headers: Content-Type, api_key, Authorization[\r][\n]"
DEBUG   2022-03-23 22:08:08,517 [main] org.apache.http.wire  -  << "Server: Jetty(9.2.9.v20150224)[\r][\n]"
DEBUG   2022-03-23 22:08:08,517 [main] org.apache.http.wire  -  << "[\r][\n]"
DEBUG   2022-03-23 22:08:08,517 [main] org.apache.http.impl.conn.DefaultClientConnection  - Receiving response: HTTP/1.1 200 OK
DEBUG   2022-03-23 22:08:08,517 [main] org.apache.http.headers  - << HTTP/1.1 200 OK
DEBUG   2022-03-23 22:08:08,517 [main] org.apache.http.headers  - << Date: Wed, 23 Mar 2022 22:08:08 GMT
DEBUG   2022-03-23 22:08:08,518 [main] org.apache.http.headers  - << Content-Type: application/json
DEBUG   2022-03-23 22:08:08,518 [main] org.apache.http.headers  - << Transfer-Encoding: chunked
DEBUG   2022-03-23 22:08:08,518 [main] org.apache.http.headers  - << Connection: keep-alive
DEBUG   2022-03-23 22:08:08,518 [main] org.apache.http.headers  - << Access-Control-Allow-Origin: *
DEBUG   2022-03-23 22:08:08,518 [main] org.apache.http.headers  - << Access-Control-Allow-Methods: GET, POST, DELETE, PUT
DEBUG   2022-03-23 22:08:08,518 [main] org.apache.http.headers  - << Access-Control-Allow-Headers: Content-Type, api_key, Authorization
DEBUG   2022-03-23 22:08:08,518 [main] org.apache.http.headers  - << Server: Jetty(9.2.9.v20150224)
DEBUG   2022-03-23 22:08:08,518 [main] org.apache.http.impl.client.DefaultHttpClient  - Connection can be kept alive indefinitely
DEBUG   2022-03-23 22:08:08,519 [main] io.restassured.internal.RequestSpecificationImpl$RestAssuredHttpBuilder  - Parsing response as: application/json
DEBUG   2022-03-23 22:08:08,519 [main] io.restassured.internal.RequestSpecificationImpl$RestAssuredHttpBuilder  - Parsed data to instance of: class org.apache.http.conn.EofSensorInputStream
  &amp#27;[32mWhen &amp#27;[0m&amp#27;[32mthe request for &amp#27;[0m&amp#27;[32m&amp#27;[1mavailable&amp#27;[0m&amp#27;[32m pets status&amp#27;[0m                        &amp#27;[90m# store.step_definitions.ApiStepDefinitions.the_request_for_pets_status(java.lang.String)&amp#27;[0m
DEBUG   2022-03-23 22:08:08,549 [main] org.apache.http.wire  -  << "7ecc[\r][\n]"
DEBUG   2022-03-23 22:08:08,550 [main] org.apache.http.wire  -  << "[{"id":7564,"category":{"id":0,"name":"string"},"name":"doggie","photoUrls":["string"],"tags":[{"id":0,"name":"string"}],"status":"available"},{"id":9223372000668952377,"category":{"id":0,"name":"Jerry"},"name":"Mouse","photoUrls":["string"],"tags":[{"id":0,"name":"Mouse"}],"status":"available"},{"id":9222968140491042131,"category":{"id":0,"name":"string"},"name":"doggie","photoUrls":["string"],"tags":[{"id":0,"name":"string"}],"status":"available"},{"id":9223372000668952378,"category":{"id":0,"name":"string"},"name":"fish","photoUrls":["string"],"tags":[{"id":0,"name":"string"}],"status":"available"},{"id":9223372000668952379,"category":{"id":0,"name":"string"},"name":"doggie","photoUrls":["string"],"tags":[{"id":0,"name":"string"}],"status":"available"},{"id":9223372000668952380,"category":{"id":0,"name":"string"},"name":"fish","photoUrls":["string"],"tags":[{"id":0,"name":"string"}],"status":"available"},{"id":9223372000668952381,"category":{"id":0,"name":"string"},"name":"doggie","photoUrls":["string"],"tags":[{"id":0,"name":"string"}],"status":"available"},{"id":9223372000668952382,"category":{"id":0,"name":"string"},"name":"doggie","photoUrls":["string"],"tags":[{"id":0,"name":"string"}],"status":"available"},{"id":9223372000668952387,"name":"doggie","photoUrls":["string"],"tags":[],"status":"available"},{"id":9223372000668952388,"category":{"id":0,"name":"string"},"name":"doggie","photoUrls":["string"],"tags":[{"id":0,"name":"string"}],"status":"available"},{"id":9223372000668952389,"category":{"id":0,"name":"string"},"name":"Puff","photoUrls":["string"],"tags":[{"id":0,"name":"string"}],"status":"available"},{"id":9223372000668952390,"category":{"id":0,"name":"string"},"name":"doggie","photoUrls":["string"],"tags":[{"id":0,"name":"string"}],"status":"available"},{"id":9223372000668952391,"category":{"id":0,"name":"string"},"name":"doggie","photoUrls":["string"],"tags":[{"id":0,"name":"string"}],"status":"available"},{"id":9223372000668952392,"category":{"id":0,"name":"string"},"name":"doggie","photoUrls":["string"],"tags":[{"id":0,"name":"string"}],"status":"available"},{"id":9223372000668952393,"category":{"id":0,"name":"string"},"name":"doggie","photoUrls":["string"],"tags":[{"id":0,"name":"string"}],"status":"available"},{"id":9223372000668952394,"category":{"id":0,"name":"string"},"name":"doggie","photoUrls":["string"],"tags":[{"id":0,"name":"string"}],"status":"available"},{"id":9223372000668952395,"category":{"id":0,"name":"string"},"name":"doggie","photoUrls":["string"],"tags":[{"id":0,"name":"string"}],"status":"available"},{"id":9223372000668952396,"category":{"id":0,"name":"string"},"name":"doggie","photoUrls":["string"],"tags":[{"id":0,"name":"string"}],"status":"available"},{"id":9223372000668952397,"category":{"id":0,"name":"string"},"name":"doggie","photoUrls":["string"],"tags":[{"id":0,"name":"string"}],"status":"available"},{"id":9223372000668952398,"category":{"id":0,"name":"string"},"name":"doggie","photoUrls":["string"],"tags":[{"id":0,"name":"string"}],"status":"available"},{"id":9223372000668952399,"category":{"id":0,"name":"string"},"name":"doggie","photoUrls":["string"],"tags":[{"id":0,"name":"string"}],"status":"available"},{"id":9223372000668952400,"category":{"id":0,"name":"string"},"name":"doggie","photoUrls":["string"],"tags":[{"id":0,"name":"string"}],"status":"available"},{"id":9223372000668952401,"category":{"id":0,"name":"string"},"name":"doggie","photoUrls":["string"],"tags":[{"id":0,"name":"string"}],"status":"available"},{"id":9223372000668952402,"category":{"id":0,"name":"string"},"name":"doggie","photoUrls":["string"],"tags":[{"id":0,"name":"string"}],"status":"available"},{"id":9223372000668952403,"category":{"id":0,"name":"string"},"name":"doggie","photoUrls":["string"],"tags":[{"id":0,"name":"string"}],"status":"available"},{"id":9223372000668952404,"category":{"id":0,"name":"string"},"name":"doggie","photoUrls":["string"],"tags":[{"id":0,"name":"string"}],"status":"available"},{"id":9223372000668952405,"category":{"id":0,"name":"string"},"name":"doggie","photoUrls":["string"],"tags":[{"id":0,"name":"string"}],"status":"available"},{"id":9223372000668952406,"category":{"id":0,"name":"string"},"name":"doggie","photoUrls":["string"],"tags":[{"id":0,"name":"string"}],"status":"available"},{"id":9223372000668952407,"category":{"id":0,"name":"string"},"name":"doggie","photoUrls":["string"],"tags":[{"id":0,"name":"string"}],"status":"available"},{"id":9223372000668952408,"category":{"id":0,"name":"string"},"name":"fish","photoUrls":["string"],"tags":[{"id":0,"name":"string"}],"status":"available"},{"id":9223372000668952409,"category":{"id":0,"name":"string"},"name":"fish","photoUrls":["string"],"tags":[{"id":0,"name":"string"}],"status":"available"},{"id":9223372000668952410,"category":{"id":0,"name":"string"},"name":"Puff","photoUrls":["string"],"tags":[{"id":0,"name":"string"}],"status":"available"},{"id":9223372000668952411,"category":{"id":0,"name":"string"},"name":"doggie","photoUrls":["string"],"tags":[{"id":0,"name":"string"}],"status":"available"},{"id":9223372000668952429,"category":{"id":0,"name":"string"},"name":"fish","photoUrls":["string"],"tags":[{"id":0,"name":"string"}],"status":"available"},{"id":9223372000668952430,"category":{"id":0,"name":"string"},"name":"doggie","photoUrls":["string"],"tags":[{"id":0,"name":"string"}],"status":"available"},{"id":9223372000668952433,"category":{"id":0,"name":"string"},"name":"fish","photoUrls":["string"],"tags":[{"id":0,"name":"string"}],"status":"available"},{"id":9223372000668952434,"category":{"id":0,"name":"string"},"name":"Roso","photoUrls":["string"],"tags":[{"id":0,"name":"string"}],"status":"available"},{"id":9223372000668952435,"category":{"id":0,"name":"string"},"name":"doggie","photoUrls":["string"],"tags":[{"id":0,"name":"string"}],"status":"available"},{"id":9223372000668952436,"category":{"id":0,"name":"string"},"name":"doggie","photoUrls":["string"],"tags":[{"id":0,"name":"string"}],"status":"available"},{"id":9223372000668952437,"category":{"id":0,"name":"string"},"name":"doggie","photoUrls":["string"],"tags":[{"id":0,"name":"string"}],"status":"available"},{"id":9223372000668952438,"category":{"id":0,"name":"string"},"name":"doggie","photoUrls":["string"],"tags":[{"id":0,"name":"string"}],"status":"available"},{"id":9223372000668952441,"category":{"id":0,"name":"string"},"name":"doggie","photoUrls":["string"],"tags":[{"id":0,"name":"string"}],"status":"available"},{"id":9223372000668952442,"category":{"id":0,"name":"string"},"name":"doggie","photoUrls":["string"],"tags":[{"id":0,"name":"string"}],"status":"available"},{"id":9223372000668952443,"category":{"id":0,"name":"string"},"name":"doggie","photoUrls":["string"],"tags":[{"id":0,"name":"string"}],"status":"available"},{"id":9223372000668952444,"category":{"id":0,"name":"string"},"name":"doggie","photoUrls":["string"],"tags":[{"id":0,"name":"string"}],"status":"available"},{"id":9223372000668952445,"category":{"id":0,"name":"string"},"name":"doggie","photoUrls":["string"],"tags":[{"id":0,"name":"string"}],"status":"available"},{"id":9223372000668952446,"category":{"id":0,"name":"string"},"name":"doggie","photoUrls":["string"],"tags":[{"id":0,"name":"string"}],"status":"available"},{"id":9223372000668952447,"category":{"id":0,"name":"string"},"name":"doggie","photoUrls":["string"],"tags":[{"id":0,"name":"string"}],"status":"available"},{"id":9223372000668952448,"category":{"id":0,"name":"string"},"name":"doggie","photoUrls":["string"],"tags":[{"id":0,"name":"string"}],"status":"available"},{"id":9223372000668952449,"category":{"id":0,"name":"string"},"name":"doggie","photoUrls":["string"],"tags":[{"id":0,"name":"string"}],"status":"available"},{"id":9223372000668952450,"category":{"id":0,"name":"string"},"name":"doggie","photoUrls":["string"],"tag"
DEBUG   2022-03-23 22:08:08,551 [main] org.apache.http.wire  -  << "s":[{"id":0,"name":"string"}],"status":"available"},{"id":9223372000668952451,"category":{"id":0,"name":"string"},"name":"fish","photoUrls":["string"],"tags":[{"id":0,"name":"string"}],"status":"available"},{"id":9223372000668952452,"category":{"id":0,"name":"string"},"name":"doggie","photoUrls":["string"],"tags":[{"id":0,"name":"string"}],"status":"available"},{"id":9223372000668952453,"category":{"id":0,"name":"string"},"name":"doggie","photoUrls":["string"],"tags":[{"id":0,"name":"string"}],"status":"available"},{"id":9223372000668952454,"category":{"id":0,"name":"string"},"name":"doggie","photoUrls":["string"],"tags":[{"id":0,"name":"string"}],"status":"available"},{"id":9223372000668952455,"category":{"id":0,"name":"string"},"name":"doggie","photoUrls":["string"],"tags":[{"id":0,"name":"string"}],"status":"available"},{"id":9223372000668952456,"category":{"id":0,"name":"string"},"name":"doggie","photoUrls":["string"],"tags":[{"id":0,"name":"string"}],"status":"available"},{"id":9223372000668952457,"category":{"id":0,"name":"string"},"name":"doggie","photoUrls":["string"],"tags":[{"id":0,"name":"string"}],"status":"available"},{"id":9223372000668952458,"category":{"id":0,"name":"string"},"name":"fish","photoUrls":["string"],"tags":[{"id":0,"name":"string"}],"status":"available"},{"id":9223372000668952459,"category":{"id":0,"name":"string"},"name":"Puff","photoUrls":["string"],"tags":[{"id":0,"name":"string"}],"status":"available"},{"id":9223372000668952460,"category":{"id":0,"name":"string"},"name":"doggie","photoUrls":[],"tags":[{"id":0,"name":"string"}],"status":"available"},{"id":9222968140497180179,"category":{"id":0,"name":"string"},"name":"test","photoUrls":["string"],"tags":[{"id":0,"name":"string"}],"status":"available"},{"id":9223372000668952471,"category":{"id":0,"name":"string"},"name":"Chaos","photoUrls":[],"tags":[{"id":0,"name":"string"}],"status":"available"},{"id":9223372000668952472,"category":{"id":0,"name":"string"},"name":"fish","photoUrls":["string"],"tags":[{"id":0,"name":"string"}],"status":"available"},{"id":9223372000668952473,"category":{"id":0,"name":"string"},"name":"Chaos","photoUrls":[],"tags":[],"status":"available"},{"id":9223372000668952474,"category":{"id":0,"name":"string"},"name":"fish","photoUrls":["string"],"tags":[{"id":0,"name":"string"}],"status":"available"},{"id":9223372000668952475,"category":{"id":0,"name":"string"},"name":"Chaos","photoUrls":[],"tags":[],"status":"available"},{"id":9223372000668952478,"category":{"id":0,"name":"string"},"name":"Chaos","photoUrls":[],"tags":[],"status":"available"},{"id":9223372000668952493,"category":{"id":0,"name":"string"},"name":"doggie","photoUrls":["string"],"tags":[{"id":0,"name":"string"}],"status":"available"},{"id":9223372000668952494,"category":{"id":0,"name":"string"},"name":"doggie","photoUrls":["string"],"tags":[{"id":0,"name":"string"}],"status":"available"},{"id":9223372000668952495,"category":{"id":0,"name":"string"},"name":"doggie","photoUrls":["string"],"tags":[{"id":0,"name":"string"}],"status":"available"},{"id":9223372000668952496,"category":{"id":0,"name":"string"},"name":"doggie","photoUrls":["string"],"tags":[{"id":0,"name":"string"}],"status":"available"},{"id":9223372000668952497,"category":{"id":0,"name":"string"},"name":"doggie","photoUrls":["string"],"tags":[{"id":0,"name":"string"}],"status":"available"},{"id":9223372000668952498,"category":{"id":0,"name":"string"},"name":"doggie","photoUrls":["string"],"tags":[{"id":0,"name":"string"}],"status":"available"},{"id":9223372000668952499,"category":{"id":0,"name":"string"},"name":"doggie","photoUrls":["string"],"tags":[{"id":0,"name":"string"}],"status":"available"},{"id":9223372000668952500,"category":{"id":0,"name":"string"},"name":"doggie","photoUrls":["string"],"tags":[{"id":0,"name":"string"}],"status":"available"},{"id":9223372000668952501,"category":{"id":0,"name":"string"},"name":"doggie","photoUrls":["string"],"tags":[{"id":0,"name":"string"}],"status":"available"},{"id":9223372000668952502,"category":{"id":0,"name":"string"},"name":"doggie","photoUrls":["string"],"tags":[{"id":0,"name":"string"}],"status":"available"},{"id":9223372000668952503,"category":{"id":0,"name":"string"},"name":"doggie","photoUrls":["string"],"tags":[{"id":0,"name":"string"}],"status":"available"},{"id":9223372000668952504,"category":{"id":0,"name":"string"},"name":"doggie","photoUrls":["string"],"tags":[{"id":0,"name":"string"}],"status":"available"},{"id":9223372000668952505,"category":{"id":0,"name":"string"},"name":"fish","photoUrls":["string"],"tags":[{"id":0,"name":"string"}],"status":"available"},{"id":9223372000668952506,"category":{"id":0,"name":"string"},"name":"doggie","photoUrls":["string"],"tags":[{"id":0,"name":"string"}],"status":"available"},{"id":9223372000668952507,"category":{"id":0,"name":"string"},"name":"doggie","photoUrls":["string"],"tags":[{"id":0,"name":"string"}],"status":"available"},{"id":9223372000668952508,"category":{"id":0,"name":"string"},"name":"doggie","photoUrls":["string"],"tags":[{"id":0,"name":"string"}],"status":"available"},{"id":9223372000668952509,"category":{"id":0,"name":"string"},"name":"doggie","photoUrls":["string"],"tags":[{"id":0,"name":"string"}],"status":"available"},{"id":9223372000668952510,"category":{"id":0,"name":"string"},"name":"doggie","photoUrls":["string"],"tags":[{"id":0,"name":"string"}],"status":"available"},{"id":9223372000668952511,"category":{"id":0,"name":"string"},"name":"doggie","photoUrls":["string"],"tags":[{"id":0,"name":"string"}],"status":"available"},{"id":9223372000668952512,"category":{"id":0,"name":"string"},"name":"fish","photoUrls":["string"],"tags":[{"id":0,"name":"string"}],"status":"available"},{"id":9223372000668952513,"category":{"id":0,"name":"string"},"name":"Puff","photoUrls":["string"],"tags":[{"id":0,"name":"string"}],"status":"available"},{"id":9223372000668952515,"category":{"id":0,"name":"string"},"name":"doggie","photoUrls":["string"],"tags":[{"id":0,"name":"string"}],"status":"available"},{"id":9223372000668952530,"category":{"id":0,"name":"string"},"name":"fish","photoUrls":["string"],"tags":[{"id":0,"name":"string"}],"status":"available"},{"id":9223372000668952533,"category":{"id":0,"name":"string"},"name":"fish","photoUrls":["string"],"tags":[{"id":0,"name":"string"}],"status":"available"},{"id":9223372000668952534,"category":{"id":0,"name":"string"},"name":"Chaos","photoUrls":[],"tags":[],"status":"available"},{"id":9223372000668952535,"category":{"id":0,"name":"string"},"name":"Chaos","photoUrls":[],"tags":[],"status":"available"},{"id":9223372000668952536,"category":{"id":0,"name":"string"},"name":"doggie","photoUrls":["string"],"tags":[{"id":0,"name":"string"}],"status":"available"},{"id":9223372000668952537,"category":{"id":0,"name":"string"},"name":"doggie","photoUrls":["string"],"tags":[{"id":0,"name":"string"}],"status":"available"},{"id":9223372000668952538,"category":{"id":0,"name":"string"},"name":"doggie","photoUrls":["string"],"tags":[{"id":0,"name":"string"}],"status":"available"},{"id":9223372000668952539,"category":{"id":0,"name":"string"},"name":"doggie","photoUrls":["string"],"tags":[{"id":0,"name":"string"}],"status":"available"},{"id":9223372000668952540,"category":{"id":0,"name":"string"},"name":"doggie","photoUrls":["string"],"tags":[{"id":0,"name":"string"}],"status":"available"},{"id":9223372000668952541,"category":{"id":0,"name":"string"},"name":"doggie","photoUrls":["string"],"tags":[{"id":0,"name":"string"}],"status":"available"},{"id":9223372000668952542,"category":{"id":0,"name":"string"},"name":"doggie","photoUrls":["string"],"tags":[{"id":0,"name":"string"}],"status":"available"},{"id":9223372000668952543,"category":{"id":0,"name":"string"},"name":"doggie","photoUrls":["string"],"tags":[{"id":0,"name":"string"}],"status":"available"},{"id":9223372000668952544,"category":{"id":0,"name":"string"},"name":"doggie","photoUrls":["string"],"tags":[{"id":0,"name":"string"}],"status":"available"},{"id":9223372000668952545,"category":{"id":0,"name":"string"},"name":"doggie","photoUrls":["string"],"tags":[{"id":0,"name":"string"}],"status":"available"},{"id":92233720006689525"
DEBUG   2022-03-23 22:08:08,557 [main] org.apache.http.wire  -  << "46,"category":{"id":0,"name":"string"},"name":"doggie","photoUrls":["string"],"tags":[{"id":0,"name":"string"}],"status":"available"},{"id":9223372000668952547,"category":{"id":0,"name":"string"},"name":"doggie","photoUrls":["string"],"tags":[{"id":0,"name":"string"}],"status":"available"},{"id":9223372000668952548,"category":{"id":0,"name":"dogs"},"name":"qa_doggie","photoUrls":["image.jpg"],"tags":[{"id":0,"name":"qa_tag"}],"status":"available"},{"id":9223372000668952549,"category":{"id":0,"name":"string"},"name":"doggie","photoUrls":["string"],"tags":[{"id":0,"name":"string"}],"status":"available"},{"id":9223372000668952550,"category":{"id":0,"name":"string"},"name":"doggie","photoUrls":["string"],"tags":[{"id":0,"name":"string"}],"status":"available"},{"id":9223372000668952551,"category":{"id":0,"name":"string"},"name":"doggie","photoUrls":["string"],"tags":[{"id":0,"name":"string"}],"status":"available"},{"id":9223372000668952552,"category":{"id":0,"name":"string"},"name":"fish","photoUrls":["string"],"tags":[{"id":0,"name":"string"}],"status":"available"},{"id":9223372000668952553,"category":{"id":0,"name":"string"},"name":"doggie","photoUrls":["string"],"tags":[{"id":0,"name":"string"}],"status":"available"},{"id":9223372000668952554,"category":{"id":0,"name":"string"},"name":"doggie","photoUrls":["string"],"tags":[{"id":0,"name":"string"}],"status":"available"},{"id":9223372000668952555,"category":{"id":0,"name":"string"},"name":"doggie","photoUrls":["string"],"tags":[{"id":0,"name":"string"}],"status":"available"},{"id":9223372000668952556,"category":{"id":0,"name":"dogs"},"name":"qa_doggie","photoUrls":["image.jpg"],"tags":[{"id":0,"name":"qa_tag"}],"status":"available"},{"id":9223372000668952557,"category":{"id":0,"name":"string"},"name":"fish","photoUrls":["string"],"tags":[{"id":0,"name":"string"}],"status":"available"},{"id":9223372000668952558,"category":{"id":0,"name":"string"},"name":"Puff","photoUrls":["string"],"tags":[{"id":0,"name":"string"}],"status":"available"},{"id":9223372000668952561,"category":{"id":0,"name":"string"},"name":"Chaos","photoUrls":[],"tags":[],"status":"available"},{"id":9223372000668952562,"category":{"id":0,"name":"dogs"},"name":"qa_doggie","photoUrls":["image.jpg"],"tags":[{"id":0,"name":"qa_tag"}],"status":"available"},{"id":9223372000668952573,"category":{"id":0,"name":"string"},"name":"doggie","photoUrls":["string"],"tags":[{"id":0,"name":"string"}],"status":"available"},{"id":9223372000668952574,"category":{"id":0,"name":"string"},"name":"doggie","photoUrls":["string"],"tags":[{"id":0,"name":"string"}],"status":"available"},{"id":9223372000668952575,"category":{"id":0,"name":"string"},"name":"fish","photoUrls":["string"],"tags":[{"id":0,"name":"string"}],"status":"available"},{"id":9223372000668952576,"category":{"id":0,"name":"string"},"name":"fish","photoUrls":["string"],"tags":[{"id":0,"name":"string"}],"status":"available"},{"id":9223372000668952579,"category":{"id":0,"name":"string"},"name":"doggie","photoUrls":["string"],"tags":[{"id":0,"name":"string"}],"status":"available"},{"id":9223372000668952580,"category":{"id":0,"name":"string"},"name":"doggie","photoUrls":["string"],"tags":[{"id":0,"name":"string"}],"status":"available"},{"id":9223372000668952581,"category":{"id":0,"name":"string"},"name":"doggie","photoUrls":["string"],"tags":[{"id":0,"name":"string"}],"status":"available"},{"id":9223372000668952582,"category":{"id":0,"name":"string"},"name":"doggie","photoUrls":["string"],"tags":[{"id":0,"name":"string"}],"status":"available"},{"id":9223372000668952583,"category":{"id":0,"name":"string"},"name":"doggie","photoUrls":["string"],"tags":[{"id":0,"name":"string"}],"status":"available"},{"id":9223372000668952584,"category":{"id":0,"name":"string"},"name":"doggie","photoUrls":["string"],"tags":[{"id":0,"name":"string"}],"status":"available"},{"id":9223372000668952585,"category":{"id":0,"name":"string"},"name":"doggie","photoUrls":["string"],"tags":[{"id":0,"name":"string"}],"status":"available"},{"id":9223372000668952586,"category":{"id":0,"name":"string"},"name":"doggie","photoUrls":["string"],"tags":[{"id":0,"name":"string"}],"status":"available"},{"id":9223372000668952587,"category":{"id":0,"name":"string"},"name":"doggie","photoUrls":["string"],"tags":[{"id":0,"name":"string"}],"status":"available"},{"id":9223372000668952588,"category":{"id":0,"name":"string"},"name":"doggie","photoUrls":["string"],"tags":[{"id":0,"name":"string"}],"status":"available"},{"id":9223372000668952589,"category":{"id":0,"name":"string"},"name":"doggie","photoUrls":["string"],"tags":[{"id":0,"name":"string"}],"status":"available"},{"id":9223372000668952590,"category":{"id":0,"name":"string"},"name":"doggie","photoUrls":["string"],"tags":[{"id":0,"name":"string"}],"status":"available"},{"id":9223372000668952591,"category":{"id":0,"name":"string"},"name":"fish","photoUrls":["string"],"tags":[{"id":0,"name":"string"}],"status":"available"},{"id":9223372000668952592,"category":{"id":0,"name":"string"},"name":"doggie","photoUrls":["string"],"tags":[{"id":0,"name":"string"}],"status":"available"},{"id":9223372000668952593,"category":{"id":0,"name":"string"},"name":"doggie","photoUrls":["string"],"tags":[{"id":0,"name":"string"}],"status":"available"},{"id":9223372000668952594,"category":{"id":0,"name":"string"},"name":"doggie","photoUrls":["string"],"tags":[{"id":0,"name":"string"}],"status":"available"},{"id":9223372000668952595,"category":{"id":0,"name":"string"},"name":"doggie","photoUrls":["string"],"tags":[{"id":0,"name":"string"}],"status":"available"},{"id":9223372000668952596,"category":{"id":0,"name":"string"},"name":"doggie","photoUrls":["string"],"tags":[{"id":0,"name":"string"}],"status":"available"},{"id":9223372000668952597,"category":{"id":0,"name":"string"},"name":"doggie","photoUrls":["string"],"tags":[{"id":0,"name":"string"}],"status":"available"},{"id":9223372000668952675,"category":{"id":0,"name":"string"},"name":"fish","photoUrls":["string"],"tags":[{"id":0,"name":"string"}],"status":"available"},{"id":9223372000668952790,"category":{"id":0,"name":"string"},"name":"Puff","photoUrls":["string"],"tags":[{"id":0,"name":"string"}],"status":"available"},{"id":9223372000668953142,"category":{"id":0,"name":"string"},"name":"Chaos","photoUrls":[],"tags":[],"status":"available"},{"id":9223372000668953147,"category":{"id":0,"name":"string"},"photoUrls":[],"tags":[],"status":"available"},{"id":9223372000668953152,"category":{"id":0,"name":"string"},"name":"doggie","photoUrls":["string"],"tags":[{"id":0,"name":"string"}],"status":"available"},{"id":9223372000668953153,"category":{"id":0,"name":"string"},"name":"Chaos","photoUrls":[],"tags":[],"status":"available"},{"id":9223372000668953154,"category":{"id":0,"name":"string"},"photoUrls":[],"tags":[],"status":"available"},{"id":9223372000668953170,"category":{"id":0,"name":"string"},"name":"fish","photoUrls":["string"],"tags":[{"id":0,"name":"string"}],"status":"available"},{"id":9223372000668953173,"category":{"id":0,"name":"string"},"name":"fish","photoUrls":["string"],"tags":[{"id":0,"name":"string"}],"status":"available"},{"id":9223372000668953175,"category":{"id":0,"name":"string"},"name":"Chaos","photoUrls":[],"tags":[],"status":"available"},{"id":9223372000668953179,"category":{"id":0,"name":"string"},"photoUrls":[],"tags":[],"status":"available"},{"id":9223372000668953184,"category":{"id":0,"name":"string"},"name":"Chaos","photoUrls":[],"tags":[],"status":"available"},{"id":9223372000668953187,"category":{"id":0,"name":"string"},"photoUrls":[],"tags":[],"status":"available"},{"id":9223372000668953189,"category":{"id":0,"name":"string"},"name":"doggie","photoUrls":["string"],"tags":[{"id":0,"name":"string"}],"status":"available"},{"id":9223372000668953190,"category":{"id":0,"name":"string"},"name":"doggie","photoUrls":["string"],"tags":[{"id":0,"name":"string"}],"status":"available"},{"id":9223372000668953191,"category":{"id":0,"name":"string"},"name":"doggie","photoUrls":["string"],"tags":[{"id":0,"name":"string"}],"status":"available"},{"id":9223372000668953194,"category":{"id":0,"name":"string"},"name":"doggie","photoUrls":["string"],"tags":[{"id":0,"name":"string"}],"status":"available"},{"id":9223372000668953195,"category":{"id":0,"name":"string"},"name":"doggie","photoUrls":["string"],"tags":[{"id":0,"name":"string"}],"status":"available"},{"id":9223372000668953196,"category":{"id":0,"name":"string"},"name":"doggie","photoUrls":["string"],"tags":[{"id":0,"name":"string"}],"status":"available"},{"id":9223372000668953198,"category":{"id":0,"name":"string"},"name":"doggie","photoUrls":["string"],"tags":[{"id":0,"name":"string"}],"status":"available"},{"id":9223372000668953200,"category":{"id":0,"name":"string"},"name":"doggie","photoUrls":["string"],"tags":[{"id":0,"name":"string"}],"status":"available"},{"id":9223372000668953202,"category":{"id":0,"name":"string"},"name":"doggie","photoUrls":["string"],"tags":[{"id":0,"name":"string"}],"status":"available"},{"id":9223372000668953205,"category":{"id":0,"name":"string"},"name":"doggie","photoUrls":["string"],"tags":[{"id":0,"name":"string"}],"status":"available"},{"id":9223372000668953207,"category":{"id":0,"name":"string"},"name":"doggie","photoUrls":["string"],"tags":[{"id":0,"name":"string"}],"status":"available"},{"id":9223372000668953208,"category":{"id":0,"name":"string"},"name":"doggie","photoUrls":["string"],"tags":[{"id":0,"name":"string"}],"status":"available"},{"id":9223372000668953210,"category":{"id":0,"name":"string"},"name":"fish","photoUrls":["string"],"tags":[{"id":0,"name":"string"}],"status":"available"},{"id":9223372000668953215,"category":{"id":0,"name":"string"},"name":"doggie","photoUrls":["string"],"tags":[{"id":0,"name":"string"}],"status":"available"},{"id":9223372000668953216,"category":{"id":0,"name":"string"},"name":"doggie","photoUrls":["string"],"tags":[{"id":0,"name":"string"}],"status":"available"},{"id":9223372000668953217,"category":{"id":0,"name":"string"},"name":"doggie","photoUrls":["string"],"tags":[{"id":0,"name":"string"}],"status":"available"},{"id":9223372000668953219,"category":{"id":0,"name":"string"},"name":"doggie","photoUrls":["string"],"tags":[{"id":0,"name":"string"}],"status":"available"},{"id":9223372000668953220,"category":{"id":0,"name":"string"},"name":"doggie","photoUrls":["string"],"tags":[{"id":0,"name":"string"}],"status":"available"},{"id":9223372000668953221,"category":{"id":0,"name":"string"},"name":"doggie","photoUrls":["string"],"tags":[{"id":0,"name":"string"}],"status":"available"},{"id":9223372000668953229,"category":{"id":0,"name":"string"},"photoUrls":["string"],"tags":[{"id":0,"name":"string"}],"status":"available"},{"id":9223372000668953231,"category":{"id":0,"name":"string"},"name":"Puff","photoUrls":["string"],"tags":[{"id":0,"name":"string"}],"status":"available"},{"id":9223372000668953233,"category":{"id":0,"name":"string"},"name":"doggie","photoUrls":["string"],"tags":[{"id":0,"name":"string"}],"status":"available"},{"id":9223372000668953234,"category":{"id":0,"name":"string"},"name":"fish","photoUrls":["string"],"tags":[{"id":0,"name":"string"}],"status":"available"},{"id":991,"category":{"id":87,"name":"category991"},"name":"Llama","photoUrls":["string"],"tags":[{"id":0,"name":"string"}],"status":"available"},{"id":9223372000668953239,"category":{"id":0,"name":"string"},"name":"Chaos","photoUrls":[],"tags":[],"status":"available"},{"id":9223372000668953240,"category":{"id":0,"name":"string"},"photoUrls":[],"tags":[],"status":"available"},{"id":9223372000668953256,"category":{"id":0,"name":"TEST"},"name":"doggie","photoUrls":["string"],"tags":[{"id":0,"name":"string"}],"status":"available"},{"id":8090650,"category":{"id":-1099841,"name":"exercitatio"},"name":"doggie","photoUrls":["non anim commodo","et sint Duis"],"tags":[{"id":-17708388,"name":"adipisicing"},{"id":-65777604,"name":"magna cillum Ex"}],"status":"available"},{"id":9223372000668953262,"category":{"id":0,"name":"string"},"name":"fish","photoUrls":["string"],"tags":[{"id":0,"name":"string"}],"status":"available"},{"id":25136329,"category":{"id":74779370,"name":"ea anim reprehenderit dolore"},"name":"doggie","photoUrls":["do ","et sit in irure ea"],"tags":[{"id":63892951,"name":"eu sed"},{"id":48173219,"name":"labore culpa"}],"status":"available"},{"id":9223372000668953264,"category":{"id":0,"name":"string"},"name":"doggie","photoUrls":["string"],"tags":[{"id":0,"name":"string"}],"status":"available"},{"id":9223372000668953265,"category":{"id":42203516,"name":"tempor quis nulla"},"name":"doggie","photoUrls":["proident est aute nostrud eu","labore culpa ex deserunt"],"tags":[{"id":-53145620,"name":"consequat dolor"},{"id":-60009224,"name":"ad"}],"status":"available"},{"id":9223372000668953266,"category":{"id":-76062047,"name":"aute eu incididunt commodo anim"},"name":"doggie","photoUrls":["ex ","in labore elit sed adipisicing"],"tags":[{"id":-34665969,"name":"sunt labor"},{"id":-37223787,"name":"proide"}],"status":"available"},{"id":9223372000668953268,"category":{"id":98332237,"name":"ex aliqua"},"name":"doggie","photoUrls":["ut en","amet proident eiusmod consectetur"],"tags":[{"id":757076,"name":"non ullamco elit"},{"id":-55202171,"name":"ex labore culpa"}],"status":"available"},{"id":9223372000668953269,"category":{"id":-15888061,"name":"[0xd0][0xb1][0xd0][0xb0][0xd1][0x80][0xd1][0x81][0xd0][0xb8][0xd0][0xba]"},"name":"[0xd0][0x9a][0xd0][0xbe][0xd1][0x82][0xd0][0xb8][0xd0][0xba]","photoUrls":["magna elit laboris","veniam ut amet culpa"],"tags":[{"id":85009920,"name":"incididunt eu veniam officia"},{"id":-11642056,"name":"sed tempor"}],"status":"available"},{"id":9223372000668953270,"category":{"id":0,"name":"string"},"name":"fish","photoUrls":["string"],"tags":[{"id":0,"name":"string"}],"status":"available"},{"id":9223372000668953272,"category":{"id":-54733797,"name":"ut"},"name":"doggie","photoUrls":["consequat dolor","qui Excepteur"],"tags":[{"id":-51279830,"name":"dolor laboris"},{"id":3828940,"name":"sit"}],"status":"available"},{"id":9223372000668953273,"category":{"id":-54733797,"name":"ut"},"name":"doggie","photoUrls":["consequat dolor","qui Excepteur"],"tags":[{"id":-51279830,"name":"dolor laboris"},{"id":3828940,"name":"sit"}],"status":"available"},{"id":9223372000668953274,"category":{"id":-54733797,"name":"ut"},"name":"doggie","photoUrls":["consequat dolor","qui Excepteur"],"tags":[{"id":-51279830,"name":"dolor laboris"},{"id":3828940,"name":"sit"}],"status":"available"},{"id":9223372000668953276,"category":{"id":-54733797,"name":"ut"},"name":"doggie","photoUrls":["consequat dolor","qui Excepteur"],"tags":[{"id":-51279830,"name":"dolor laboris"},{"id":3828940,"name":"sit"}],"status":"available"},{"id":80,"category":{"id":10,"name":"[0xd0][0xa0][0xd1][0x8b][0xd0][0xb1][0xd0][0xb0]"},"name":"[0xd0][0x94][0xd1][0x80][0xd1][0x83][0xd0][0xb6][0xd0][0xbe][0xd0][0xba]","photoUrls":["esse Ut elit","sint magna"],"tags":[{"id":-36555706,"name":"voluptate dolor nulla labore"},{"id":3842154,"name":"deserunt "}],"status":"available"},{"id":9223372000668953278,"category":{"id":-3647201,"name":"aliqua dolore"},"name":"doggie","photoUrls":["commodo id Lorem dolor","laborum anim non sunt"],"tags":[{"id":-70487179,"name":"magna non"},{"id":-97224183,"name":"aliquip enim"}],"status":"available"},{"id":9223372000668953279,"category":{"id":-22028245,"name":"ad labore sunt"},"name":"doggie","photoUrls":["commodo aute veniam","tempor"],"tags":[{"id":47985645,"name":"quis consequat exercitation"},{"id":84422713,"name":"fugiat id"}],"status":"available"},{"id":9223372000668953280,"category":{"id":9223372036854775807,"name":"string"},"name":"doggie2711","photoUrls":["string"],"tags":[{"id":0,"name":"string"}],"status":"available"},{"id":89012937,"category":{"id":-27522541,"name":"voluptate laborum elit ex"},"name":"doggie","photoUrls":["anim in occaecat dolore Excepteur","ut minim dolor pariatur"],"tags":[{"id":-59197242,"name":"sint Excepteur in"},{"id":-11301750,"name":"pariatur"}],"status":"available"},{"id":193844,"category":{"id":0,"name":"string"},"name":"Tori","photoUrls":["string"],"tags":[{"id":0,"name":"string"}],"status":"available"},{"id":1245,"category":{"id":1245,"name":"xyz"},"name":"xyz","photoUrls":["test"],"tags":[],"status":"available"},{"id":408,"category":{"id":0,"name":"string"},"name":"mason","photoUrls":["string"],"tags":[{"id":0,"name":"string"}],"status":"available"},{"id":15555,"category":{"id":0,"name":"puppy"},"name":"doggie","photoUrls":["string"],"tags":[{"id":0,"name":"
DEBUG   2022-03-23 22:08:08,557 [main] org.apache.http.wire  -  << ""Charlie"}],"status":"av"
DEBUG   2022-03-23 22:08:08,558 [main] org.apache.http.wire  -  << "[\r][\n]"
DEBUG   2022-03-23 22:08:08,558 [main] org.apache.http.wire  -  << "134[\r][\n]"
DEBUG   2022-03-23 22:08:08,558 [main] org.apache.http.wire  -  << "ailable"},{"id":25253093,"category":{"id":-8712087,"name":"incididunt ullamco Lorem pariatur"},"name":"doggie","photoUrls":["in nulla","consequat officia aliqua sint"],"tags":[{"id":1776061,"name":"pariatur Excepteur"},{"id":-16418227,"name":"cupidatat eu est veniam"}],"status":"available"},{"id":74784015,""
DEBUG   2022-03-23 22:08:08,558 [main] org.apache.http.wire  -  << "[\r][\n]"
DEBUG   2022-03-23 22:08:08,613 [main] org.apache.http.wire  -  << "7ff8[\r][\n]"
DEBUG   2022-03-23 22:08:08,614 [main] org.apache.http.wire  -  << "category":{"id":-66411488,"name":"velit"},"name":"doggie","photoUrls":["Ut","culpa consectetur aliqua adipisicing"],"tags":[{"id":17942317,"name":"consectetur laboris pariatur proid"},{"id":62813114,"name":"sint"}],"status":"available"},{"id":19764410,"category":{"id":-5476781,"name":"quis sit aute anim"},"name":"doggie","photoUrls":["commodo elit irure","quis consequat deserunt eu eiusmod"],"tags":[{"id":24327777,"name":"nostrud sed"},{"id":-89952348,"name":"sunt aliquip"}],"status":"available"},{"id":80671848,"category":{"id":24150013,"name":"m"},"name":"foxie","photoUrls":["et cillum sunt","laborum pariatur cupidatat aliquip"],"tags":[{"id":95434770,"name":"dolore labore tempor consequat dolor"},{"id":23288337,"name":"ipsum laboris cupidatat tempor in"}],"status":"available"},{"id":9056508,"category":{"id":54498958,"name":"cupidatat sed"},"name":"doggie","photoUrls":["veniam nisi anim enim","dolor magn"],"tags":[{"id":79483168,"name":"velit id cupidatat"},{"id":-80432017,"name":"ullamco velit"}],"status":"available"},{"id":14142084,"category":{"id":-86643235,"name":"in anim"},"name":"doggie","photoUrls":["Duis aute nostrud","irure nisi cupida"],"tags":[{"id":-74211391,"name":"esse qui elit"},{"id":-7539062,"name":"exercitation aliqua labore cupidatat"}],"status":"available"},{"id":16192485,"category":{"id":62291983,"name":"consectetur nostrud"},"name":"doggie","photoUrls":["ipsum incididunt in","magna ullamco et"],"tags":[{"id":25068722,"name":"velit dolore labore"},{"id":75633110,"name":"tempor sunt quis et officia"}],"status":"available"},{"id":12121,"category":{"id":0,"name":"string"},"name":"TestPetName","photoUrls":["string"],"tags":[{"id":0,"name":"string"}],"status":"available"},{"id":10001,"category":{"id":100,"name":"cate"},"name":"doggie","photoUrls":["ttttttttttttttt"],"tags":[{"id":100,"name":"t1"}],"status":"available"},{"id":3689,"name":"","photoUrls":[],"tags":[],"status":"available"},{"id":64,"category":{"id":0,"name":"raj"},"name":"doggie","photoUrls":["string"],"tags":[{"id":0,"name":"string"}],"status":"available"},{"id":112233,"category":{"id":30,"name":"Eq-dog"},"name":"Postman","photoUrls":["URLLink"],"tags":[{"id":10,"name":"Doberman"}],"status":"available"},{"id":14152,"name":"Pluto","photoUrls":[],"tags":[],"status":"available"},{"id":9223372000668949805,"category":{"id":0,"name":"string"},"name":"doff","photoUrls":["string"],"tags":[{"id":0,"name":"string"}],"status":"available"},{"id":5270697,"category":{"id":86672200,"name":"sunt nulla quis"},"name":"doggie","photoUrls":["ut voluptate amet nulla","aliquip velit sunt"],"tags":[{"id":13740046,"name":"dolore in aliquip in"},{"id":-88982321,"name":"sint incididunt"}],"status":"available"},{"id":29311189,"category":{"id":55752576,"name":"est do"},"name":"doggie","photoUrls":["eu","qui do"],"tags":[{"id":79015766,"name":"est veniam sint et"},{"id":18397334,"name":"ut occaecat"}],"status":"available"},{"id":2900270,"category":{"id":-54796499,"name":"deserunt occaecat proid"},"name":"doggie","photoUrls":["aliqua ipsum dolor ex mollit","eiusmod"],"tags":[{"id":-46754783,"name":"adipisicing deserunt sint"},{"id":83307683,"name":"laborum"}],"status":"available"},{"id":536318,"category":{"id":0,"name":"string"},"name":"indy","photoUrls":["string"],"tags":[{"id":0,"name":"string"}],"status":"available"},{"id":9223372036854771234,"category":{"id":0,"name":"string"},"name":"maxie","photoUrls":["string"],"tags":[{"id":0,"name":"string"}],"status":"available"},{"id":55,"category":{"id":1,"name":"roshan"},"name":"dog","photoUrls":["race"],"tags":[{"id":9,"name":"roshan"}],"status":"available"},{"id":6422396325,"category":{"id":0,"name":"string"},"name":"maxie","photoUrls":["string"],"tags":[{"id":0,"name":"string"}],"status":"available"},{"id":1312321312312,"category":{"id":0,"name":"string"},"name":"doggie","photoUrls":["string"],"tags":[{"id":0,"name":"string"}],"status":"available"},{"id":147,"category":{"id":0,"name":"peter"},"name":"doggie","photoUrls":["string"],"tags":[{"id":147,"name":"peter"}],"status":"available"},{"id":556,"category":{"id":3367,"name":"Mammalia"},"name":"Cortney","photoUrls":["http://placeimg.com/640/480/cats"],"tags":[{"id":0,"name":"Boganville"},{"id":1,"name":"Pitcairn Islands"}],"status":"available"},{"id":557,"category":{"id":0,"name":""},"name":"TicaCortney","photoUrls":[],"tags":[],"status":"available"},{"id":128,"category":{"id":0,"name":"peter"},"name":"doggie","photoUrls":["string"],"tags":[{"id":128,"name":"peter"}],"status":"available"},{"id":79,"category":{"id":79,"name":"tommy"},"name":"doggie","photoUrls":["string"],"tags":[{"id":45,"name":"alpha"}],"status":"available"},{"id":470242,"name":"kitty1","photoUrls":[],"tags":[],"status":"available"},{"id":879270,"name":"kitty1","photoUrls":[],"tags":[],"status":"available"},{"id":858532,"name":"kitty1","photoUrls":[],"tags":[],"status":"available"},{"id":405,"category":{"id":405,"name":"rokky"},"name":"doggie","photoUrls":["string"],"tags":[{"id":405,"name":"rokky"}],"status":"available"},{"id":3114,"category":{"id":3114,"name":"string"},"name":"doggie","photoUrls":["abc","def"],"tags":[{"id":0,"name":"test0"},{"id":1,"name":"test1"}],"status":"available"},{"id":21312564,"category":{"id":0,"name":"dog"},"name":"doggie","photoUrls":["string"],"tags":[{"id":0,"name":"string"}],"status":"available"},{"id":100111,"category":{"id":0,"name":"rabbit"},"name":"Gucci","photoUrls":["string"],"tags":[{"id":0,"name":"string"}],"status":"available"},{"id":2758,"category":{"id":1,"name":"cat"},"name":"Black","photoUrls":["string"],"tags":[{"id":0,"name":"string"}],"status":"available"},{"id":180209,"category":{"id":4,"name":"cat"},"name":"Orange","photoUrls":["string"],"tags":[{"id":0,"name":"string"}],"status":"available"},{"id":1991,"category":{"id":1991,"name":"fox"},"name":"Fox","photoUrls":["string"],"tags":[{"id":0,"name":"string"}],"status":"available"},{"id":54321,"category":{"id":1,"name":"cat"},"name":"Simon's cat","photoUrls":["string"],"tags":[{"id":0,"name":"string"}],"status":"available"},{"id":6549,"category":{"id":3,"name":"kitty"},"name":"snowball","photoUrls":["string"],"tags":[{"id":0,"name":"string"}],"status":"available"},{"id":2200000,"category":{"id":1,"name":"cat"},"name":"shadow","photoUrls":["string"],"tags":[{"id":0,"name":"string"}],"status":"available"},{"id":1287,"category":{"id":1,"name":"cat"},"name":"pumaa","photoUrls":["string"],"tags":[{"id":1287,"name":"string"}],"status":"available"},{"id":2760,"category":{"id":0,"name":"cat"},"name":"doggie","photoUrls":["string"],"tags":[{"id":0,"name":"string"}],"status":"available"},{"id":10000,"category":{"id":1,"name":"cat"},"name":"shadow","photoUrls":["string"],"tags":[{"id":0,"name":"string"}],"status":"available"},{"id":18020,"category":{"id":1,"name":"cat"},"name":"Orange","photoUrls":["string"],"tags":[{"id":0,"name":"string"}],"status":"available"},{"id":270116,"category":{"id":111,"name":"cat"},"name":"Ben","photoUrls":["string"],"tags":[{"id":0,"name":"string"}],"status":"available"},{"id":1802,"category":{"id":1,"name":"cat"},"name":"ivory","photoUrls":["string"],"tags":[{"id":1,"name":"string"}],"status":"available"},{"id":3000,"category":{"id":1,"name":"cat"},"name":"Max","photoUrls":["string"],"tags":[{"id":0,"name":"string"}],"status":"available"},{"id":2002,"category":{"id":1,"name":"cat"},"name":"Persik","photoUrls":["string"],"tags":[{"id":0,"name":"string"}],"status":"available"},{"id":275833,"category":{"id":1,"name":"cat"},"name":"Black","photoUrls":["string"],"tags":[{"id":0,"name":"string"}],"status":"available"},{"id":1505,"category":{"id":0,"name":"test dog"},"name":"Fancy dog","photoUrls":["string"],"tags":[{"id":0,"name":"string"}],"status":"available"},{"id":2020,"category":{"id":1,"name":"cat"},"name":"Kitty","photoUrls":["string"],"tags":[{"id":0,"name":"string"}],"status":"available"},{"id":3399,"category":{"id":0,"name":"dog"},"name":"Rex","photoUrls":["string"],"tags":[{"id":0,"name":"string"}],"status":"available"},{"id":32792,"category":{"id":100,"name":"dog"},"name":"Bob","photoUrls":["string"],"tags":[{"id":1,"name":"string"}],"status":"available"},{"id":1905,"category":{"id":0,"nam"
DEBUG   2022-03-23 22:08:08,614 [main] org.apache.http.wire  -  << "e":"cat"},"name":"Dasha","photoUrls":["string"],"tags":[{"id":0,"name":"string"}],"status":"available"},{"id":23456789,"category":{"id":0,"name":"cat"},"name":"shadow","photoUrls":["string"],"tags":[{"id":0,"name":"string"}],"status":"available"},{"id":3268,"category":{"id":0,"name":"hamster"},"name":"Testhamster","photoUrls":["string"],"tags":[{"id":0,"name":"string"}],"status":"available"},{"id":3310,"category":{"id":3,"name":"Fedja"},"name":"TestDog","photoUrls":["https://images.pexels.com/photos/1805164/pexels-photo-1805164.jpeg?auto=compress&cs=tinysrgb&dpr=1&w=500"],"tags":[{"id":0,"name":"string"}],"status":"available"},{"id":1285,"category":{"id":1,"name":"clint"},"name":"doggie","photoUrls":["string"],"tags":[{"id":0,"name":"string"}],"status":"available"},{"id":2000000,"category":{"id":1,"name":"dog"},"name":"doggie","photoUrls":["string"],"tags":[{"id":0,"name":"string"}],"status":"available"},{"id":2610,"category":{"id":1,"name":"cat"},"name":"Baily","photoUrls":["string"],"tags":[{"id":0,"name":"string"}],"status":"available"},{"id":22456,"category":{"id":1,"name":"string"},"name":"lucky","photoUrls":["string"],"tags":[{"id":0,"name":"string"}],"status":"available"},{"id":20000,"category":{"id":1,"name":"Smokey"},"name":"cat","photoUrls":["string"],"tags":[{"id":0,"name":"string"}],"status":"available"},{"id":161616,"category":{"id":1,"name":"cat Space"},"name":"Kitty","photoUrls":["string"],"tags":[{"id":0,"name":"string"}],"status":"available"},{"id":6705,"category":{"id":0,"name":"DOG"},"name":"FIZZY","photoUrls":["string"],"tags":[{"id":0,"name":"string"}],"status":"available"},{"id":5575,"category":{"id":0,"name":"cat"},"name":"Luna","photoUrls":["string"],"tags":[{"id":0,"name":"pushistik"}],"status":"available"},{"id":6789,"category":{"id":0,"name":"cat"},"name":"Musya","photoUrls":["string"],"tags":[{"id":0,"name":"string"}],"status":"available"},{"id":10021,"category":{"id":0,"name":"cat"},"name":"Zefir","photoUrls":["string"],"tags":[{"id":0,"name":"string"}],"status":"available"},{"id":501000,"category":{"id":1,"name":"cat"},"name":"doggie","photoUrls":["string"],"tags":[{"id":0,"name":"string"}],"status":"available"},{"id":15869,"category":{"id":0,"name":"string"},"name":"Ropk","photoUrls":["string"],"tags":[{"id":0,"name":"string"}],"status":"available"},{"id":14881,"category":{"id":1,"name":"cat"},"name":"Jackson","photoUrls":["string"],"tags":[{"id":0,"name":"string"}],"status":"available"},{"id":18011801,"category":{"id":0,"name":"string"},"name":"doggie","photoUrls":["string"],"tags":[{"id":0,"name":"string"}],"status":"available"},{"id":100021,"category":{"id":0,"name":"cat"},"name":"TestCat","photoUrls":["string"],"tags":[{"id":0,"name":"string"}],"status":"available"},{"id":3200,"category":{"id":0,"name":"Charly"},"name":"doggie","photoUrls":["string"],"tags":[{"id":0,"name":"string"}],"status":"available"},{"id":1000000000000000,"category":{"id":10000000000000,"name":"yahoo"},"name":"doggie","photoUrls":["string"],"tags":[{"id":100000000000000,"name":"yahoo"}],"status":"available"},{"id":1001,"category":{"id":20,"name":"Dog"},"name":"doggie","photoUrls":["string"],"tags":[{"id":21,"name":"Cat"}],"status":"available"},{"id":2666,"category":{"id":66,"name":"donkey"},"name":"Dima","photoUrls":["string"],"tags":[{"id":0,"name":"string"}],"status":"available"},{"id":11111,"category":{"id":0,"name":"string"},"name":"doggie","photoUrls":["string"],"tags":[{"id":0,"name":"string"}],"status":"available"},{"id":2326,"category":{"id":500,"name":"porc"},"name":"putin","photoUrls":["string"],"tags":[{"id":5001,"name":"agressor"}],"status":"available"},{"id":123987,"category":{"id":0,"name":"string"},"name":"doggie","photoUrls":["string"],"tags":[{"id":0,"name":"string"}],"status":"available"},{"id":12398,"category":{"id":0,"name":"string"},"name":"doggie","photoUrls":["string"],"tags":[{"id":0,"name":"string"}],"status":"available"},{"id":5757,"category":{"id":0,"name":"string"},"name":"doggie","photoUrls":["string"],"tags":[{"id":0,"name":"string"}],"status":"available"},{"id":1985,"category":{"id":0,"name":"bachodog"},"name":"doggie","photoUrls":["string"],"tags":[{"id":0,"name":"string"}],"status":"available"},{"id":1988,"category":{"id":1,"name":"cat"},"name":"Meow","photoUrls":["string"],"tags":[{"id":0,"name":"string"}],"status":"available"},{"id":180218,"category":{"id":1,"name":"cat"},"name":"ivory","photoUrls":["string"],"tags":[{"id":0,"name":"string"}],"status":"available"},{"id":1801,"category":{"id":0,"name":"Aisa"},"name":"Aisa","photoUrls":["string"],"tags":[{"id":0,"name":"string"}],"status":"available"},{"id":1509,"category":{"id":12,"name":"Dog"},"name":"Jean","photoUrls":[],"tags":[{"id":0,"name":"string"}],"status":"available"},{"id":2112,"category":{"id":0,"name":"uvi"},"name":"Cutie","photoUrls":["string"],"tags":[{"id":0,"name":"string"}],"status":"available"},{"id":121107,"name":"kitty1","photoUrls":[],"tags":[],"status":"available"},{"id":100000,"category":{"id":1,"name":"cat"},"name":"Shadow","photoUrls":["string"],"tags":[{"id":0,"name":"string"}],"status":"available"},{"id":222000,"category":{"id":0,"name":"myCat"},"name":"doggie","photoUrls":["string"],"tags":[{"id":0,"name":"string"}],"status":"available"},{"id":100031,"category":{"id":0,"name":"cat"},"name":"Simba","photoUrls":["string"],"tags":[{"id":0,"name":"string"}],"status":"available"},{"id":7777777,"category":{"id":0,"name":"string"},"name":"Love Bun ","photoUrls":["string"],"tags":[{"id":7777777,"name":"Sweet Bun "}],"status":"available"},{"id":594747,"name":"kitty1","photoUrls":[],"tags":[],"status":"available"},{"id":456789,"category":{"id":1,"name":"cat"},"name":"Fluffy","photoUrls":["string"],"tags":[{"id":0,"name":"string"}],"status":"available"},{"id":911,"category":{"id":0,"name":"string"},"name":"doggie","photoUrls":["string"],"tags":[{"id":0,"name":"string"}],"status":"available"},{"id":2481,"name":"kitty1","photoUrls":[],"tags":[],"status":"available"},{"id":1234567,"category":{"id":1,"name":"Cat"},"name":"Blizzard","photoUrls":["string"],"tags":[{"id":0,"name":"string"}],"status":"available"},{"id":5505,"category":{"id":1,"name":"cat"},"name":"my_doggie","photoUrls":["string"],"tags":[{"id":0,"name":"string"}],"status":"available"},{"id":973152,"name":"kitty1","photoUrls":[],"tags":[],"status":"available"},{"id":1418,"category":{"id":1418,"name":"Elsa"},"name":"Elsa","photoUrls":["string"],"tags":[{"id":1418,"name":"string"}],"status":"available"},{"id":664,"category":{"id":0,"name":"kitty"},"name":"kissya","photoUrls":["string"],"tags":[{"id":0,"name":"string"}],"status":"available"},{"id":1525,"category":{"id":0,"name":"string"},"name":"doggie","photoUrls":["string"],"tags":[{"id":0,"name":"string"}],"status":"available"},{"id":428628,"name":"kitty1","photoUrls":[],"tags":[],"status":"available"},{"id":464973,"name":"kitty1","photoUrls":[],"tags":[],"status":"available"},{"id":93113,"name":"kitty1","photoUrls":[],"tags":[],"status":"available"},{"id":1007,"category":{"id":0,"name":"string"},"name":"Bond 2","photoUrls":["string"],"tags":[{"id":0,"name":"string"}],"status":"available"},{"id":987654321,"category":{"id":0,"name":"cat"},"name":"Zhuzha","photoUrls":["string"],"tags":[{"id":0,"name":"string"}],"status":"available"},{"id":110,"category":{"id":0,"name":"string"},"name":"milo","photoUrls":["string"],"tags":[{"id":0,"name":"string"}],"status":"available"},{"id":4307,"category":{"id":4305,"name":"tigger"},"name":"pug","photoUrls":["string"],"tags":[{"id":4569,"name":"buppy"}],"status":"available"},{"id":327658,"category":{"id":0,"name":"string"},"name":"Pers4","photoUrls":["string"],"tags":[{"id":3,"name":"string"}],"status":"available"},{"id":888,"category":{"id":888,"name":"Tamil"},"name":"Tiger","photoUrls":["Tiger"],"tags":[{"id":888,"name":"Tamil"}],"status":"available"},{"id":151515,"category":{"id":0,"name":"smalcat"},"name":"fff","photoUrls":["string"],"tags":[{"id":0,"name":"string"}],"status":"available"},{"id":3276588,"category":{"id":1,"name":"cat"},"name":"Mars","photoUrls":["string"],"tags":[{"id":0,"name":"string"}],"status":"available"},{"id":3276587,"category":{"id":0,"name":"Cat4"},"name":"M"
DEBUG   2022-03-23 22:08:08,618 [main] org.apache.http.wire  -  << "arfa2","photoUrls":["string"],"tags":[{"id":0,"name":"string"}],"status":"available"},{"id":424,"category":{"id":350,"name":"Tasty"},"name":"project","photoUrls":["http://arely.biz"],"tags":[{"id":230,"name":"Islands"}],"status":"available"},{"id":3276589,"category":{"id":0,"name":"Cat2"},"name":"Marsik5","photoUrls":["string"],"tags":[{"id":0,"name":"string"}],"status":"available"},{"id":8542,"category":{"id":0,"name":"Elsa"},"name":"doggie","photoUrls":["string"],"tags":[{"id":0,"name":"string"}],"status":"available"},{"id":2605,"category":{"id":0,"name":"gorilla"},"name":"monkey","photoUrls":["string"],"tags":[{"id":0,"name":"string"}],"status":"available"},{"id":11,"category":{"id":0,"name":"string"},"name":"doggie","photoUrls":["string"],"tags":[{"id":0,"name":"string"}],"status":"available"},{"id":851,"category":{"id":425,"name":"Investment"},"name":"Junctions","photoUrls":["https://kurt.info"],"tags":[{"id":441,"name":"alarm"}],"status":"available"},{"id":880,"category":{"id":181,"name":"Soft"},"name":"Lead","photoUrls":["https://john.info"],"tags":[{"id":634,"name":"parse"}],"status":"available"},{"id":530,"category":{"id":451,"name":"HDD"},"name":"Avon","photoUrls":["http://malinda.net"],"tags":[{"id":44,"name":"invoice"}],"status":"available"},{"id":56,"category":{"id":162,"name":"protocol"},"name":"transparent","photoUrls":["http://elyse.com"],"tags":[{"id":786,"name":"Senior"}],"status":"available"},{"id":4472,"category":{"id":0,"name":"doge"},"name":"doggie","photoUrls":["string"],"tags":[{"id":0,"name":"string"}],"status":"available"},{"id":1224,"category":{"id":1,"name":"cat"},"name":"Alex","photoUrls":["string"],"tags":[{"id":1224,"name":"string"}],"status":"available"},{"id":234444,"category":{"id":1,"name":"sweat gorilla"},"name":"monkey","photoUrls":["string"],"tags":[{"id":0,"name":"string"}],"status":"available"},{"id":73813,"name":"kitty1","photoUrls":[],"tags":[],"status":"available"},{"id":660211,"name":"kitty1","photoUrls":[],"tags":[],"status":"available"},{"id":391428,"name":"kitty1","photoUrls":[],"tags":[],"status":"available"},{"id":320180,"name":"kitty1","photoUrls":[],"tags":[],"status":"available"},{"id":443685,"name":"kitty1","photoUrls":[],"tags":[],"status":"available"},{"id":513299,"name":"kitty1","photoUrls":[],"tags":[],"status":"available"},{"id":717313,"name":"kitty1","photoUrls":[],"tags":[],"status":"available"},{"id":633713,"name":"kitty1","photoUrls":[],"tags":[],"status":"available"},{"id":25921110,"category":{"id":-68630540,"name":"eiusmod"},"name":"pussyCat","photoUrls":["in fugiat reprehenderit","eu"],"tags":[{"id":-72258284,"name":"irure eiusmod dolore eu"},{"id":60408986,"name":"in qui amet"}],"status":"available"},{"id":997216,"name":"kitty1","photoUrls":[],"tags":[],"status":"available"},{"id":5533,"category":{"id":1,"name":"dog"},"name":"miha","photoUrls":[],"tags":[{"id":1,"name":"moisha"}],"status":"available"},{"id":560920,"name":"kitty1","photoUrls":[],"tags":[],"status":"available"},{"id":460010,"name":"kitty1","photoUrls":[],"tags":[],"status":"available"},{"id":2255,"category":{"id":0,"name":"string"},"name":"doggie","photoUrls":["string"],"tags":[{"id":0,"name":"string"}],"status":"available"},{"id":1199,"category":{"id":2,"name":"mermaid"},"name":"itsNotFish","photoUrls":["https://cdna.artstation.com/p/assets/images/images/018/383/922/large/renee-chio-06df385b-a556-4b63-ac85-778ba0037495.jpg?1559161646"],"tags":[{"id":0,"name":"string"}],"status":"available"},{"id":5092,"category":{"id":5092,"name":"doggo"},"name":"doggo","photoUrls":["1"],"tags":[{"id":5092,"name":"doggo"}],"status":"available"},{"id":26,"category":{"id":27,"name":"string"},"name":"Piggy","photoUrls":["string"],"tags":[{"id":28,"name":"string"}],"status":"available"},{"id":91,"category":{"id":4,"name":"Lalitha"},"name":"doggie","photoUrls":["string"],"tags":[{"id":88,"name":"Linu"}],"status":"available"},{"id":53,"name":"Scrabby","photoUrls":[],"tags":[],"status":"available"},{"id":20220136011616,"name":"Abra","photoUrls":[],"tags":[],"status":"available"},{"id":12345678,"category":{"id":0,"name":"fhh"},"name":"dnghgjn","photoUrls":["string"],"tags":[{"id":0,"name":"string"}],"status":"available"},{"id":828633516,"category":{"id":735323660,"name":"asperiores"},"name":"Kaitlyn","photoUrls":["https://loremflickr.com/320/240?lock=642241139","https://loremflickr.com/320/240?lock=779768199","https://loremflickr.com/320/240?lock=1158065820"],"tags":[{"id":-1806388895,"name":"pariatur"},{"id":995037739,"name":"voluptatum"}],"status":"available"},{"id":801428,"name":"kitty1","photoUrls":[],"tags":[],"status":"available"},{"id":614710,"name":"kitty1","photoUrls":[],"tags":[],"status":"available"},{"id":122,"category":{"id":666,"name":"Nivas"},"name":"doggie","photoUrls":["Scoobie"],"tags":[{"id":0,"name":"string"}],"status":"available"},{"id":32,"category":{"id":33,"name":"raj"},"name":"raj","photoUrls":["string"],"tags":[{"id":34,"name":"raj"}],"status":"available"},{"id":576161,"name":"kitty1","photoUrls":[],"tags":[],"status":"available"},{"id":7,"category":{"id":3,"name":"Logesh"},"name":"Dinesh","photoUrls":["string"],"tags":[{"id":7,"name":"Dhoni"}],"status":"available"},{"id":15,"category":{"id":5,"name":"Ramu15"},"name":"doggie","photoUrls":["Gopal"],"tags":[{"id":6,"name":"Sankar"}],"status":"available"},{"id":17,"category":{"id":5,"name":"Ramu17"},"name":"doggie","photoUrls":["Gopal"],"tags":[{"id":6,"name":"Sankar"}],"status":"available"},{"id":19,"category":{"id":45,"name":"Whatever"},"name":"Dawg","photoUrls":["string"],"tags":[{"id":0,"name":"string"}],"status":"available"},{"id":5489,"category":{"id":1,"name":"Cat"},"name":"Missi","photoUrls":[],"tags":[{"id":35,"name":"British cat"}],"status":"available"},{"id":330,"category":{"id":225,"name":"National"},"name":"index","photoUrls":["https://cecil.info"],"tags":[{"id":711,"name":"Guarani"}],"status":"available"},{"id":915,"category":{"id":0,"name":"Simpson"},"name":"Homer","photoUrls":["string"],"tags":[{"id":0,"name":"string"}],"status":"available"},{"id":23,"category":{"id":2,"name":"pug"},"name":"doggie","photoUrls":["dog"],"tags":[{"id":2,"name":"dag"}],"status":"available"},{"id":2000,"category":{"id":1,"name":"Dogs"},"name":"tuzichek","photoUrls":["string"],"tags":[{"id":0,"name":"string"}],"status":"available"},{"id":224567,"category":{"id":224567,"name":"Kali"},"name":"LALALA","photoUrls":["string"],"tags":[{"id":7,"name":"Neko"}],"status":"available"},{"id":667788,"category":{"id":22232,"name":"Cat"},"name":"Fluffy","photoUrls":["string"],"tags":[{"id":22232,"name":"dog"}],"status":"available"},{"id":3276,"category":{"id":0,"name":"Cat4"},"name":"Marfa3","photoUrls":["string"],"tags":[{"id":0,"name":"string"}],"status":"available"},{"id":3277,"category":{"id":0,"name":"Cat4"},"name":"Marfa4","photoUrls":["string"],"tags":[{"id":0,"name":"string"}],"status":"available"},{"id":97628368,"category":{"id":-50503225,"name":"ullamco aliquip"},"name":"Pet286","photoUrls":["eiusmod anim","occaecat consequat consectetur"],"tags":[{"id":60460623,"name":"cupidatat velit aut"},{"id":-66412440,"name":"eu labore ipsum aute"}],"status":"available"},{"id":9223372000001082778,"category":{"id":0,"name":"string"},"name":"Mickey","photoUrls":["string"],"tags":[{"id":0,"name":"string"}],"status":"available"},{"id":2022,"category":{"id":0,"name":"Best"},"name":"doggie","photoUrls":["best@gmail.com"],"tags":[{"id":0,"name":"string"}],"status":"available"},{"id":741,"category":{"id":0,"name":"string"},"name":"juki","photoUrls":["string"],"tags":[{"id":0,"name":"string"}],"status":"available"},{"id":27,"category":{"id":0,"name":"dog"},"name":"bobik","photoUrls":["string"],"tags":[{"id":0,"name":"string"}],"status":"available"},{"id":2332022,"category":{"id":23,"name":"Dog"},"name":"Jack","photoUrls":["https://jackdog.com/"],"tags":[{"id":2022,"name":"Golden Retriver"}],"status":"available"},{"id":2323,"category":{"id":11,"name":"lab"},"name":"doggi","photoUrls":["happy"],"tags":[{"id":23,"name":"soft"}],"status":"available"},{"id":5678,"category":{"id":0,"name":"string"},"name":"doggie","photoUrls":["string"],"tags":[{"id":0,"name":"string"}],"status":"available"},{"id":222,"category":{"id":1,"name":"testCategory"},"name":"doggie","photoUrls":["https://petstore.swagger.io/#/pet/addPet"],"tags":[{"id":1,"name":"black"}],"status":"available"},{"id":6678,"category":{"id":1,"name":"priyath"},"name":"dog","photoUrls":["jacky"],"tags":[{"id":7,"name":"jacky"}],"status":"available"},{"id":6776,"category":{"id":5665,"name":"string"},"name":"Lion","photoUrls":["string"],"tags":[{"id":4554,"name":"string"}],"status":"available"},{"id":98765,"category":{"id":321,"name":"juju"},"name":"panda","photoUrls":["pandajuju.com"],"tags":[{"id":654,"name":"green"}],"status":"available"},{"id":1234,"category":{"id":0,"name":"string"},"name":"Bobik","photoUrls":["string"],"tags":[{"id":0,"name":"string"}],"status":"available"},{"id":2727,"category":{"id":272727,"name":"mypet"},"name":"dogfriend","photoUrls":["string"],"tags":[{"id":27,"name":"tagg"}],"status":"available"},{"id":98,"category":{"id":0,"name":"string"},"name":"doggie","photoUrls":["string"],"tags":[{"id":0,"name":"string"}],"status":"available"},{"id":1810,"category":{"id":9,"name":"Rabbit"},"name":"Appu","photoUrls":["https://appu/img"],"tags":[{"id":9,"name":"White"}],"status":"available"},{"id":2,"name":"purplefieldstester1","photoUrls":["http://purplefieldstestimage1","http://purplefieldstestimage2"],"tags":[],"status":"available"},{"id":2023,"category":{"id":1,"name":"Dog"},"name":"Dexter","photoUrls":["@gmail.com"],"tags":[{"id":3,"name":"Frisby"}],"status":"available"},{"id":1000000,"category":{"id":100,"name":"Pattu"},"name":"doggie","photoUrls":["https://www.google.com/url?sa=i&url=https%3A%2F%2Fwww.theguardian.com%2Fscience%2F2019%2Fjun%2F17%2Fhow-dogs-capture-your-heart-evolution-puppy-dog-eyes&psig=AOvVaw3PdlgjgQnD48Kd986CCBJw&ust=1648108745917000&source=images&cd=vfe&ved=0CAsQjRxqFwoTCMD4rdrh2_YCFQAAAAAdAAAAABAJ"],"tags":[{"id":1000,"name":"Scoopy"}],"status":"available"},{"id":600062,"category":{"id":19,"name":"Dog"},"name":"Dexter","photoUrls":["@gmail.com"],"tags":[{"id":39,"name":"Frisby"}],"status":"available"},{"id":555,"category":{"id":0,"name":"string"},"name":"teamQA","photoUrls":["string"],"tags":[{"id":0,"name":"string"}],"status":"available"},{"id":950,"category":{"id":950,"name":"Siran"},"name":"Lion","photoUrls":["Lion"],"tags":[{"id":950,"name":"Siran"}],"status":"available"},{"id":987,"category":{"id":0,"name":"string"},"name":"MakoDoggieChanged","photoUrls":["string"],"tags":[{"id":0,"name":"string"}],"status":"available"},{"id":7415,"category":{"id":0,"name":"string"},"name":"abcdefg777","photoUrls":["string"],"tags":[{"id":0,"name":"string"}],"status":"available"},{"id":8001,"category":{"id":201,"name":"string"},"name":"Buffalo","photoUrls":["string"],"tags":[{"id":0,"name":"string"}],"status":"available"},{"id":111222,"category":{"id":0,"name":"string"},"name":"doggie","photoUrls":["string"],"tags":[{"id":0,"name":"string"}],"status":"available"},{"id":39,"category":{"id":804,"name":"program"},"name":"Intranet","photoUrls":["https://noel.biz"],"tags":[{"id":592,"name":"Buckinghamshire"}],"status":"available"},{"id":129,"category":{"id":13,"name":"pushok"},"name":"doggie","photoUrls":["string"],"tags":[{"id":0,"name":"string"}],"status":"available"},{"id":909,"category":{"id":135353,"name":"Bin"},"name":"doggie blessie","photoUrls":["biiinn"],"tags":[{"id":707,"name":"scooby"}],"status":"available"},{"id":77,"category":{"id":0,"name":"raj"},"name":"doggie","photoUrls":["string"],"tags":[{"id":0,"name":"string"}],"status":"available"},{"id":906,"category":{"id":370,"name":"Officer"},"name":"Legacy","photoUrls":["https://mireya.org"],"tags":[{"id":254,"name":"Soft"}],"status":"available"},{"id":5656,"category":{"id":0,"name":"ZYLO"},"name":"doggie","photoUrls":["string"],"tags":[{"id":0,"name":"string"}],"status":"available"},{"id":19191,"category":{"id":12358,"name":"Bharath"},"name":"doggie","photoUrls":["response"],"tags":[{"id":457,"name":"Priyath"}],"status":"available"},{"id":132,"category":{"id":132,"name":"bruno"},"name":"britto","photoUrls":["https:petstore.com/"],"tags":[{"id":132,"name":"bristro"}],"status":"available"},{"id":191917,"category":{"id":12358,"name":"Bharath"},"name":"doggie","photoUrls":["response"],"tags":[{"id":457,"name":"Priyath"}],"status":"available"},{"id":431,"category":{"id":675,"name":"morph"},"name":"bypass","photoUrls":["https://bulah.biz"],"tags":[{"id":366,"name":"Islands"}],"status":"available"},{"id":415,"category":{"id":782,"name":"hierarchy"},"name":"Tennessee","photoUrls":["https://allan.org"],"tags":[{"id":683,"name":"navigating"}],"status":"available"},{"id":5566,"category":{"id":0,"name":"string"},"name":"dddddddd","photoUrls":["string"],"tags":[{"id":0,"name":"string"}],"status":"available"},{"id":1076,"category":{"id":469,"name":"string"},"name":"pomerian","photoUrls":["string"],"tags":[{"id":0,"name":"string"}],"status":"available"},{"id":1336534099,"category":{"id":121231143,"name":"perferendis"},"name":"Allan","photoUrls":["https://loremflickr.com/320/240?lock=1182074868","https://loremflickr.com/320/240?lock=1143410749","https://loremflickr.com/320/240?lock=2036490539"],"tags":[{"id":-368427529,"name":"voluptas"},{"id":-816514361,"name":"qui"}],"status":"available"},{"id":347167254,"category":{"id":1611587250,"name":"et"},"name":"Bud","photoUrls":["https://loremflickr.com/320/240?lock=1344497267","https://loremflickr.com/320/240?lock=1827832811","https://loremflickr.com/320/240?lock=275937988"],"tags":[{"id":1763112776,"name":"eos"},{"id":-433649679,"name":"corporis"}],"status":"available"},{"id":608832,"name":"kitty1","photoUrls":[],"tags":[],"status":"available"},{"id":5050,"category":{"id":1,"name":"sky"},"name":"doggie","photoUrls":["diver"],"tags":[{"id":2,"name":"welder"}],"status":"available"},{"id":1209527523,"category":{"id":470200901,"name":"tempore"},"name":"Kaylie","photoUrls":["https://loremflickr.com/320/240?lock=731164015","https://loremflickr.com/320/240?lock=610393769","https://loremflickr.com/320/240?lock=1830317608"],"tags":[{"id":-16328159,"name":"rerum"},{"id":2119072331,"name":"alias"}],"status":"available"},{"id":28,"category":{"id":0,"name":"Kavi"},"name":"doggie","photoUrls":["string"],"tags":[{"id":0,"name":"string"}],"status":"available"},{"id":89031,"name":"kitty1","photoUrls":[],"tags":[],"status":"available"},{"id":369219,"name":"kitty1","photoUrls":[],"tags":[],"status":"available"},{"id":8812,"category":{"id":0,"name":"string"},"name":"doggie","photoUrls":["string"],"tags":[{"id":0,"name":"string"}],"status":"available"},{"id":868878,"name":"kitty1","photoUrls":[],"tags":[],"status":"available"},{"id":125478,"category":{"id":0,"name":"string"},"name":"doggie","photoUrls":["string"],"tags":[{"id":0,"name":"string"}],"status":"available"},{"id":3234230,"category":{"id":423420,"name":"llaks"},"name":"bhau bhau","photoUrls":["string"],"tags":[{"id":21231,"name":"string"}],"status":"available"},{"id":777999888,"category":{"id":0,"name":"string"},"name":"Felix","photoUrls":["string"],"tags":[{"id":0,"name":"string"}],"status":"available"},{"id":7768,"name":"asasas","photoUrls":["str"],"tags":[],"status":"available"},{"id":171018,"category":{"id":0,"name":"string"},"name":"RYCHYK","photoUrls":["string"],"tags":[{"id":0,"name":"puppy"}],"status":"available"},{"id":999,"category":{"id":999,"name":"string"},"name":"doggie","photoUrls":["string"],"tags":[{"id":999,"name":"string"}],"status":"available"},{"id":18002248,"category":{"id":79692995,"name":"reprehenderit tempor voluptate do"},"name":"doggie","photoUrls":["in incididunt nisi officia","commodo"],"tags":[{"id":12829994,"name":"dolor Ut eiusmod ea et"},{"id":27599294,"name":"ullamco consequat tempor"}],"status":"available"},{"id":2624,"category":{"id":1006,"name":"string"},"name":"American Zebra","photoUrls":["string"],"tags":[{"id":1015,"name":"string"}],"status":"available"},{"id":7705,"name":"asaaasas","photoUrls":["straaaaa"],"tags":[],"status":"available"},{"id":7706,"category":{"id":0,"name":"stra"},"name":"asaaasas","photoUrls":["straaaa"],"tags":[],"status":"available"},{"id":80683220,"category":{"id":51456008,"name":"occaecat dolore incididunt qui"},"name":"doggie","photoUrls":["","id exe"
DEBUG   2022-03-23 22:08:08,618 [main] org.apache.http.wire  -  << "[\r][\n]"
DEBUG   2022-03-23 22:08:08,619 [main] org.apache.http.wire  -  << "8[\r][\n]"
DEBUG   2022-03-23 22:08:08,619 [main] org.apache.http.wire  -  << "rcitatio"
DEBUG   2022-03-23 22:08:08,619 [main] org.apache.http.wire  -  << "[\r][\n]"
DEBUG   2022-03-23 22:08:08,621 [main] org.apache.http.wire  -  << "43d9[\r][\n]"
[...]
	at io.cucumber.core.runner.ExecutionMode$1.execute(ExecutionMode.java:10)
	at io.cucumber.core.runner.TestStep.executeStep(TestStep.java:86)
	at io.cucumber.core.runner.TestStep.run(TestStep.java:57)
	at io.cucumber.core.runner.PickleStepTestStep.run(PickleStepTestStep.java:51)
	at io.cucumber.core.runner.TestCase.run(TestCase.java:95)
	at io.cucumber.core.runner.Runner.runPickle(Runner.java:75)
	at io.cucumber.junit.PickleRunners$NoStepDescriptions.lambda$run$0(PickleRunners.java:151)
	at io.cucumber.core.runtime.CucumberExecutionContext.lambda$runTestCase$3(CucumberExecutionContext.java:151)
	at io.cucumber.core.runtime.RethrowingThrowableCollector.executeAndThrow(RethrowingThrowableCollector.java:23)
	at io.cucumber.core.runtime.CucumberExecutionContext.runTestCase(CucumberExecutionContext.java:151)
	at io.cucumber.junit.PickleRunners$NoStepDescriptions.run(PickleRunners.java:148)
	at io.cucumber.junit.FeatureRunner.runChild(FeatureRunner.java:144)
	at io.cucumber.junit.FeatureRunner.runChild(FeatureRunner.java:28)
	at org.junit.runners.ParentRunner$4.run(ParentRunner.java:331)
	at org.junit.runners.ParentRunner$1.schedule(ParentRunner.java:79)
	at org.junit.runners.ParentRunner.runChildren(ParentRunner.java:329)
	at org.junit.runners.ParentRunner.access$100(ParentRunner.java:66)
	at org.junit.runners.ParentRunner$2.evaluate(ParentRunner.java:293)
	at org.junit.runners.ParentRunner$3.evaluate(ParentRunner.java:306)
	at org.junit.runners.ParentRunner.run(ParentRunner.java:413)
	at io.cucumber.junit.FeatureRunner.run(FeatureRunner.java:137)
	at io.cucumber.junit.Cucumber.runChild(Cucumber.java:196)
	at io.cucumber.junit.Cucumber.runChild(Cucumber.java:89)
	at org.junit.runners.ParentRunner$4.run(ParentRunner.java:331)
	at org.junit.runners.ParentRunner$1.schedule(ParentRunner.java:79)
	at org.junit.runners.ParentRunner.runChildren(ParentRunner.java:329)
	at org.junit.runners.ParentRunner.access$100(ParentRunner.java:66)
	at org.junit.runners.ParentRunner$2.evaluate(ParentRunner.java:293)
	at io.cucumber.junit.Cucumber$RunBeforeAllHooks.evaluate(Cucumber.java:266)
	at io.cucumber.junit.Cucumber$RunAfterAllHooks.evaluate(Cucumber.java:281)
	at io.cucumber.junit.Cucumber$StartTestRun.evaluate(Cucumber.java:233)
	at io.cucumber.junit.Cucumber$FinishTestRun.evaluate(Cucumber.java:248)
	at org.junit.runners.ParentRunner$3.evaluate(ParentRunner.java:306)
	at org.junit.runners.ParentRunner.run(ParentRunner.java:413)
	at org.apache.maven.surefire.junit4.JUnit4Provider.execute(JUnit4Provider.java:365)
	at org.apache.maven.surefire.junit4.JUnit4Provider.executeWithRerun(JUnit4Provider.java:273)
	at org.apache.maven.surefire.junit4.JUnit4Provider.executeTestSet(JUnit4Provider.java:238)
	at org.apache.maven.surefire.junit4.JUnit4Provider.invoke(JUnit4Provider.java:159)
	at org.apache.maven.surefire.booter.ForkedBooter.invokeProviderInSameClassLoader(ForkedBooter.java:384)
	at org.apache.maven.surefire.booter.ForkedBooter.runSuitesInProcess(ForkedBooter.java:345)
	at org.apache.maven.surefire.booter.ForkedBooter.execute(ForkedBooter.java:126)
	at org.apache.maven.surefire.booter.ForkedBooter.main(ForkedBooter.java:418)
java.lang.NullPointerException
	at store.step_definitions.ApiStepDefinitions.should_be_pets_status_with_the_name(ApiStepDefinitions.java:44)
	at java.base/jdk.internal.reflect.NativeMethodAccessorImpl.invoke0(Native Method)
	at java.base/jdk.internal.reflect.NativeMethodAccessorImpl.invoke(NativeMethodAccessorImpl.java:62)
	at java.base/jdk.internal.reflect.DelegatingMethodAccessorImpl.invoke(DelegatingMethodAccessorImpl.java:43)
	at java.base/java.lang.reflect.Method.invoke(Method.java:564)
	at io.cucumber.java.Invoker.doInvoke(Invoker.java:66)
	at io.cucumber.java.Invoker.invoke(Invoker.java:24)
	at io.cucumber.java.AbstractGlueDefinition.invokeMethod(AbstractGlueDefinition.java:47)
	at io.cucumber.java.JavaStepDefinition.execute(JavaStepDefinition.java:29)
	at io.cucumber.core.runner.CoreStepDefinition.execute(CoreStepDefinition.java:66)
	at io.cucumber.core.runner.PickleStepDefinitionMatch.runStep(PickleStepDefinitionMatch.java:63)
	at io.cucumber.core.runner.ExecutionMode$1.execute(ExecutionMode.java:10)
	at io.cucumber.core.runner.TestStep.executeStep(TestStep.java:86)
	at io.cucumber.core.runner.TestStep.run(TestStep.java:57)
	at io.cucumber.core.runner.PickleStepTestStep.run(PickleStepTestStep.java:51)
	at io.cucumber.core.runner.TestCase.run(TestCase.java:95)
	at io.cucumber.core.runner.Runner.runPickle(Runner.java:75)
	at io.cucumber.junit.PickleRunners$NoStepDescriptions.lambda$run$0(PickleRunners.java:151)
	at io.cucumber.core.runtime.CucumberExecutionContext.lambda$runTestCase$3(CucumberExecutionContext.java:151)
	at io.cucumber.core.runtime.RethrowingThrowableCollector.executeAndThrow(RethrowingThrowableCollector.java:23)
	at io.cucumber.core.runtime.CucumberExecutionContext.runTestCase(CucumberExecutionContext.java:151)
	at io.cucumber.junit.PickleRunners$NoStepDescriptions.run(PickleRunners.java:148)
	at io.cucumber.junit.FeatureRunner.runChild(FeatureRunner.java:144)
	at io.cucumber.junit.FeatureRunner.runChild(FeatureRunner.java:28)
	at org.junit.runners.ParentRunner$4.run(ParentRunner.java:331)
	at org.junit.runners.ParentRunner$1.schedule(ParentRunner.java:79)
	at org.junit.runners.ParentRunner.runChildren(ParentRunner.java:329)
	at org.junit.runners.ParentRunner.access$100(ParentRunner.java:66)
	at org.junit.runners.ParentRunner$2.evaluate(ParentRunner.java:293)
	at org.junit.runners.ParentRunner$3.evaluate(ParentRunner.java:306)
	at org.junit.runners.ParentRunner.run(ParentRunner.java:413)
	at io.cucumber.junit.FeatureRunner.run(FeatureRunner.java:137)
	at io.cucumber.junit.Cucumber.runChild(Cucumber.java:196)
	at io.cucumber.junit.Cucumber.runChild(Cucumber.java:89)
	at org.junit.runners.ParentRunner$4.run(ParentRunner.java:331)
	at org.junit.runners.ParentRunner$1.schedule(ParentRunner.java:79)
	at org.junit.runners.ParentRunner.runChildren(ParentRunner.java:329)
	at org.junit.runners.ParentRunner.access$100(ParentRunner.java:66)
	at org.junit.runners.ParentRunner$2.evaluate(ParentRunner.java:293)
	at io.cucumber.junit.Cucumber$RunBeforeAllHooks.evaluate(Cucumber.java:266)
	at io.cucumber.junit.Cucumber$RunAfterAllHooks.evaluate(Cucumber.java:281)
	at io.cucumber.junit.Cucumber$StartTestRun.evaluate(Cucumber.java:233)
	at io.cucumber.junit.Cucumber$FinishTestRun.evaluate(Cucumber.java:248)
	at org.junit.runners.ParentRunner$3.evaluate(ParentRunner.java:306)
	at org.junit.runners.ParentRunner.run(ParentRunner.java:413)
	at org.apache.maven.surefire.junit4.JUnit4Provider.execute(JUnit4Provider.java:365)
	at org.apache.maven.surefire.junit4.JUnit4Provider.executeWithRerun(JUnit4Provider.java:273)
	at org.apache.maven.surefire.junit4.JUnit4Provider.executeTestSet(JUnit4Provider.java:238)
	at org.apache.maven.surefire.junit4.JUnit4Provider.invoke(JUnit4Provider.java:159)
	at org.apache.maven.surefire.booter.ForkedBooter.invokeProviderInSameClassLoader(ForkedBooter.java:384)
	at org.apache.maven.surefire.booter.ForkedBooter.runSuitesInProcess(ForkedBooter.java:345)
	at org.apache.maven.surefire.booter.ForkedBooter.execute(ForkedBooter.java:126)
	at org.apache.maven.surefire.booter.ForkedBooter.main(ForkedBooter.java:418)
java.lang.NullPointerException
	at store.step_definitions.ApiStepDefinitions.should_be_pets_status_with_the_name(ApiStepDefinitions.java:44)
	at java.base/jdk.internal.reflect.NativeMethodAccessorImpl.invoke0(Native Method)
	at java.base/jdk.internal.reflect.NativeMethodAccessorImpl.invoke(NativeMethodAccessorImpl.java:62)
	at java.base/jdk.internal.reflect.DelegatingMethodAccessorImpl.invoke(DelegatingMethodAccessorImpl.java:43)
	at java.base/java.lang.reflect.Method.invoke(Method.java:564)
	at io.cucumber.java.Invoker.doInvoke(Invoker.java:66)
	at io.cucumber.java.Invoker.invoke(Invoker.java:24)
	at io.cucumber.java.AbstractGlueDefinition.invokeMethod(AbstractGlueDefinition.java:47)
	at io.cucumber.java.JavaStepDefinition.execute(JavaStepDefinition.java:29)
	at io.cucumber.core.runner.CoreStepDefinition.execute(CoreStepDefinition.java:66)
	at io.cucumber.core.runner.PickleStepDefinitionMatch.runStep(PickleStepDefinitionMatch.java:63)
	at io.cucumber.core.runner.ExecutionMode$1.execute(ExecutionMode.java:10)
	at io.cucumber.core.runner.TestStep.executeStep(TestStep.java:86)
	at io.cucumber.core.runner.TestStep.run(TestStep.java:57)
	at io.cucumber.core.runner.PickleStepTestStep.run(PickleStepTestStep.java:51)
	at io.cucumber.core.runner.TestCase.run(TestCase.java:95)
	at io.cucumber.core.runner.Runner.runPickle(Runner.java:75)
	at io.cucumber.junit.PickleRunners$NoStepDescriptions.lambda$run$0(PickleRunners.java:151)
	at io.cucumber.core.runtime.CucumberExecutionContext.lambda$runTestCase$3(CucumberExecutionContext.java:151)
	at io.cucumber.core.runtime.RethrowingThrowableCollector.executeAndThrow(RethrowingThrowableCollector.java:23)
	at io.cucumber.core.runtime.CucumberExecutionContext.runTestCase(CucumberExecutionContext.java:151)
	at io.cucumber.junit.PickleRunners$NoStepDescriptions.run(PickleRunners.java:148)
	at io.cucumber.junit.FeatureRunner.runChild(FeatureRunner.java:144)
	at io.cucumber.junit.FeatureRunner.runChild(FeatureRunner.java:28)
	at org.junit.runners.ParentRunner$4.run(ParentRunner.java:331)
	at org.junit.runners.ParentRunner$1.schedule(ParentRunner.java:79)
	at org.junit.runners.ParentRunner.runChildren(ParentRunner.java:329)
	at org.junit.runners.ParentRunner.access$100(ParentRunner.java:66)
	at org.junit.runners.ParentRunner$2.evaluate(ParentRunner.java:293)
	at org.junit.runners.ParentRunner$3.evaluate(ParentRunner.java:306)
	at org.junit.runners.ParentRunner.run(ParentRunner.java:413)
	at io.cucumber.junit.FeatureRunner.run(FeatureRunner.java:137)
	at io.cucumber.junit.Cucumber.runChild(Cucumber.java:196)
	at io.cucumber.junit.Cucumber.runChild(Cucumber.java:89)
	at org.junit.runners.ParentRunner$4.run(ParentRunner.java:331)
	at org.junit.runners.ParentRunner$1.schedule(ParentRunner.java:79)
	at org.junit.runners.ParentRunner.runChildren(ParentRunner.java:329)
	at org.junit.runners.ParentRunner.access$100(ParentRunner.java:66)
	at org.junit.runners.ParentRunner$2.evaluate(ParentRunner.java:293)
	at io.cucumber.junit.Cucumber$RunBeforeAllHooks.evaluate(Cucumber.java:266)
	at io.cucumber.junit.Cucumber$RunAfterAllHooks.evaluate(Cucumber.java:281)
	at io.cucumber.junit.Cucumber$StartTestRun.evaluate(Cucumber.java:233)
	at io.cucumber.junit.Cucumber$FinishTestRun.evaluate(Cucumber.java:248)
	at org.junit.runners.ParentRunner$3.evaluate(ParentRunner.java:306)
	at org.junit.runners.ParentRunner.run(ParentRunner.java:413)
	at org.apache.maven.surefire.junit4.JUnit4Provider.execute(JUnit4Provider.java:365)
	at org.apache.maven.surefire.junit4.JUnit4Provider.executeWithRerun(JUnit4Provider.java:273)
	at org.apache.maven.surefire.junit4.JUnit4Provider.executeTestSet(JUnit4Provider.java:238)
	at org.apache.maven.surefire.junit4.JUnit4Provider.invoke(JUnit4Provider.java:159)
	at org.apache.maven.surefire.booter.ForkedBooter.invokeProviderInSameClassLoader(ForkedBooter.java:384)
	at org.apache.maven.surefire.booter.ForkedBooter.runSuitesInProcess(ForkedBooter.java:345)
	at org.apache.maven.surefire.booter.ForkedBooter.execute(ForkedBooter.java:126)
	at org.apache.maven.surefire.booter.ForkedBooter.main(ForkedBooter.java:418)
java.lang.NullPointerException
	at store.step_definitions.ApiStepDefinitions.should_be_pets_status_with_the_name(ApiStepDefinitions.java:44)
	at java.base/jdk.internal.reflect.NativeMethodAccessorImpl.invoke0(Native Method)
	at java.base/jdk.internal.reflect.NativeMethodAccessorImpl.invoke(NativeMethodAccessorImpl.java:62)
	at java.base/jdk.internal.reflect.DelegatingMethodAccessorImpl.invoke(DelegatingMethodAccessorImpl.java:43)
	at java.base/java.lang.reflect.Method.invoke(Method.java:564)
	at io.cucumber.java.Invoker.doInvoke(Invoker.java:66)
	at io.cucumber.java.Invoker.invoke(Invoker.java:24)
	at io.cucumber.java.AbstractGlueDefinition.invokeMethod(AbstractGlueDefinition.java:47)
	at io.cucumber.java.JavaStepDefinition.execute(JavaStepDefinition.java:29)
	at io.cucumber.core.runner.CoreStepDefinition.execute(CoreStepDefinition.java:66)
	at io.cucumber.core.runner.PickleStepDefinitionMatch.runStep(PickleStepDefinitionMatch.java:63)
	at io.cucumber.core.runner.ExecutionMode$1.execute(ExecutionMode.java:10)
	at io.cucumber.core.runner.TestStep.executeStep(TestStep.java:86)
	at io.cucumber.core.runner.TestStep.run(TestStep.java:57)
	at io.cucumber.core.runner.PickleStepTestStep.run(PickleStepTestStep.java:51)
	at io.cucumber.core.runner.TestCase.run(TestCase.java:95)
	at io.cucumber.core.runner.Runner.runPickle(Runner.java:75)
	at io.cucumber.junit.PickleRunners$NoStepDescriptions.lambda$run$0(PickleRunners.java:151)
	at io.cucumber.core.runtime.CucumberExecutionContext.lambda$runTestCase$3(CucumberExecutionContext.java:151)
	at io.cucumber.core.runtime.RethrowingThrowableCollector.executeAndThrow(RethrowingThrowableCollector.java:23)
	at io.cucumber.core.runtime.CucumberExecutionContext.runTestCase(CucumberExecutionContext.java:151)
	at io.cucumber.junit.PickleRunners$NoStepDescriptions.run(PickleRunners.java:148)
	at io.cucumber.junit.FeatureRunner.runChild(FeatureRunner.java:144)
	at io.cucumber.junit.FeatureRunner.runChild(FeatureRunner.java:28)
	at org.junit.runners.ParentRunner$4.run(ParentRunner.java:331)
	at org.junit.runners.ParentRunner$1.schedule(ParentRunner.java:79)
	at org.junit.runners.ParentRunner.runChildren(ParentRunner.java:329)
	at org.junit.runners.ParentRunner.access$100(ParentRunner.java:66)
	at org.junit.runners.ParentRunner$2.evaluate(ParentRunner.java:293)
	at org.junit.runners.ParentRunner$3.evaluate(ParentRunner.java:306)
	at org.junit.runners.ParentRunner.run(ParentRunner.java:413)
	at io.cucumber.junit.FeatureRunner.run(FeatureRunner.java:137)
	at io.cucumber.junit.Cucumber.runChild(Cucumber.java:196)
	at io.cucumber.junit.Cucumber.runChild(Cucumber.java:89)
	at org.junit.runners.ParentRunner$4.run(ParentRunner.java:331)
	at org.junit.runners.ParentRunner$1.schedule(ParentRunner.java:79)
	at org.junit.runners.ParentRunner.runChildren(ParentRunner.java:329)
	at org.junit.runners.ParentRunner.access$100(ParentRunner.java:66)
	at org.junit.runners.ParentRunner$2.evaluate(ParentRunner.java:293)
	at io.cucumber.junit.Cucumber$RunBeforeAllHooks.evaluate(Cucumber.java:266)
	at io.cucumber.junit.Cucumber$RunAfterAllHooks.evaluate(Cucumber.java:281)
	at io.cucumber.junit.Cucumber$StartTestRun.evaluate(Cucumber.java:233)
	at io.cucumber.junit.Cucumber$FinishTestRun.evaluate(Cucumber.java:248)
	at org.junit.runners.ParentRunner$3.evaluate(ParentRunner.java:306)
	at org.junit.runners.ParentRunner.run(ParentRunner.java:413)
	at org.apache.maven.surefire.junit4.JUnit4Provider.execute(JUnit4Provider.java:365)
	at org.apache.maven.surefire.junit4.JUnit4Provider.executeWithRerun(JUnit4Provider.java:273)
	at org.apache.maven.surefire.junit4.JUnit4Provider.executeTestSet(JUnit4Provider.java:238)
	at org.apache.maven.surefire.junit4.JUnit4Provider.invoke(JUnit4Provider.java:159)
	at org.apache.maven.surefire.booter.ForkedBooter.invokeProviderInSameClassLoader(ForkedBooter.java:384)
	at org.apache.maven.surefire.booter.ForkedBooter.runSuitesInProcess(ForkedBooter.java:345)
	at org.apache.maven.surefire.booter.ForkedBooter.execute(ForkedBooter.java:126)
	at org.apache.maven.surefire.booter.ForkedBooter.main(ForkedBooter.java:418)
java.lang.NullPointerException
	at store.step_definitions.ApiStepDefinitions.should_be_pets_status_with_the_name(ApiStepDefinitions.java:44)
	at java.base/jdk.internal.reflect.NativeMethodAccessorImpl.invoke0(Native Method)
	at java.base/jdk.internal.reflect.NativeMethodAccessorImpl.invoke(NativeMethodAccessorImpl.java:62)
	at java.base/jdk.internal.reflect.DelegatingMethodAccessorImpl.invoke(DelegatingMethodAccessorImpl.java:43)
	at java.base/java.lang.reflect.Method.invoke(Method.java:564)
	at io.cucumber.java.Invoker.doInvoke(Invoker.java:66)
	at io.cucumber.java.Invoker.invoke(Invoker.java:24)
	at io.cucumber.java.AbstractGlueDefinition.invokeMethod(AbstractGlueDefinition.java:47)
	at io.cucumber.java.JavaStepDefinition.execute(JavaStepDefinition.java:29)
	at io.cucumber.core.runner.CoreStepDefinition.execute(CoreStepDefinition.java:66)
	at io.cucumber.core.runner.PickleStepDefinitionMatch.runStep(PickleStepDefinitionMatch.java:63)
	at io.cucumber.core.runner.ExecutionMode$1.execute(ExecutionMode.java:10)
	at io.cucumber.core.runner.TestStep.executeStep(TestStep.java:86)
	at io.cucumber.core.runner.TestStep.run(TestStep.java:57)
	at io.cucumber.core.runner.PickleStepTestStep.run(PickleStepTestStep.java:51)
	at io.cucumber.core.runner.TestCase.run(TestCase.java:95)
	at io.cucumber.core.runner.Runner.runPickle(Runner.java:75)
	at io.cucumber.junit.PickleRunners$NoStepDescriptions.lambda$run$0(PickleRunners.java:151)
	at io.cucumber.core.runtime.CucumberExecutionContext.lambda$runTestCase$3(CucumberExecutionContext.java:151)
	at io.cucumber.core.runtime.RethrowingThrowableCollector.executeAndThrow(RethrowingThrowableCollector.java:23)
	at io.cucumber.core.runtime.CucumberExecutionContext.runTestCase(CucumberExecutionContext.java:151)
	at io.cucumber.junit.PickleRunners$NoStepDescriptions.run(PickleRunners.java:148)
	at io.cucumber.junit.FeatureRunner.runChild(FeatureRunner.java:144)
	at io.cucumber.junit.FeatureRunner.runChild(FeatureRunner.java:28)
	at org.junit.runners.ParentRunner$4.run(ParentRunner.java:331)
	at org.junit.runners.ParentRunner$1.schedule(ParentRunner.java:79)
	at org.junit.runners.ParentRunner.runChildren(ParentRunner.java:329)
	at org.junit.runners.ParentRunner.access$100(ParentRunner.java:66)
	at org.junit.runners.ParentRunner$2.evaluate(ParentRunner.java:293)
	at org.junit.runners.ParentRunner$3.evaluate(ParentRunner.java:306)
	at org.junit.runners.ParentRunner.run(ParentRunner.java:413)
	at io.cucumber.junit.FeatureRunner.run(FeatureRunner.java:137)
	at io.cucumber.junit.Cucumber.runChild(Cucumber.java:196)
	at io.cucumber.junit.Cucumber.runChild(Cucumber.java:89)
	at org.junit.runners.ParentRunner$4.run(ParentRunner.java:331)
	at org.junit.runners.ParentRunner$1.schedule(ParentRunner.java:79)
	at org.junit.runners.ParentRunner.runChildren(ParentRunner.java:329)
	at org.junit.runners.ParentRunner.access$100(ParentRunner.java:66)
	at org.junit.runners.ParentRunner$2.evaluate(ParentRunner.java:293)
	at io.cucumber.junit.Cucumber$RunBeforeAllHooks.evaluate(Cucumber.java:266)
	at io.cucumber.junit.Cucumber$RunAfterAllHooks.evaluate(Cucumber.java:281)
	at io.cucumber.junit.Cucumber$StartTestRun.evaluate(Cucumber.java:233)
	at io.cucumber.junit.Cucumber$FinishTestRun.evaluate(Cucumber.java:248)
	at org.junit.runners.ParentRunner$3.evaluate(ParentRunner.java:306)
	at org.junit.runners.ParentRunner.run(ParentRunner.java:413)
	at org.apache.maven.surefire.junit4.JUnit4Provider.execute(JUnit4Provider.java:365)
	at org.apache.maven.surefire.junit4.JUnit4Provider.executeWithRerun(JUnit4Provider.java:273)
	at org.apache.maven.surefire.junit4.JUnit4Provider.executeTestSet(JUnit4Provider.java:238)
	at org.apache.maven.surefire.junit4.JUnit4Provider.invoke(JUnit4Provider.java:159)
	at org.apache.maven.surefire.booter.ForkedBooter.invokeProviderInSameClassLoader(ForkedBooter.java:384)
	at org.apache.maven.surefire.booter.ForkedBooter.runSuitesInProcess(ForkedBooter.java:345)
	at org.apache.maven.surefire.booter.ForkedBooter.execute(ForkedBooter.java:126)
	at org.apache.maven.surefire.booter.ForkedBooter.main(ForkedBooter.java:418)
Mar 23, 2022 10:08:08 PM store.step_definitions.Hooks tearDown
INFO: @After tearDown for API SERVER
]]></system-err>
  </testcase>
  <testcase name="Validate number of the pets in WireMock server" classname="Validate how many pets have the status “available&quot; and the name “doggie”." time="0.196"/>
</testsuite>