<?xml version="1.0" encoding="UTF-8"?>
<testsuite xmlns:xsi="http://www.w3.org/2001/XMLSchema-instance" xsi:noNamespaceSchemaLocation="https://maven.apache.org/surefire/maven-surefire-plugin/xsd/surefire-test-report.xsd" name="store.runner.CukesRunner" time="8.78" tests="1" errors="0" skipped="0" failures="1">
  <properties>
[...]
</properties>
  <testcase name="Validate number of the pets" classname="Validate how many pets have the status “available&quot; and the name “doggie”." time="5.943">
    <failure message="Verify doggie names count  expected:&lt;13&gt; but was:&lt;33&gt;" type="java.lang.AssertionError"><![CDATA[java.lang.AssertionError: Verify doggie names count  expected:<13> but was:<33>
]]></failure>
    <system-out><![CDATA[
Scenario: Validate number of the pets                                 &amp#27;[90m# src/test/resources/api_features/FindByStatus.feature:4&amp#27;[0m
  &amp#27;[32mGiven &amp#27;[0m&amp#27;[32muser send GET request to &amp#27;[0m&amp#27;[32m&amp#27;[1m"pet/findByStatus"&amp#27;[0m&amp#27;[32m endpoint&amp#27;[0m          &amp#27;[90m# store.step_definitions.Api_step_definition.user_send_get_request_to_endpoint(java.lang.String)&amp#27;[0m
  &amp#27;[32mAnd &amp#27;[0m&amp#27;[32mverify that status code &amp#27;[0m&amp#27;[32m&amp#27;[1m200&amp#27;[0m&amp#27;[32m and content type &amp#27;[0m&amp#27;[32m&amp#27;[1m"application/json"&amp#27;[0m &amp#27;[90m# store.step_definitions.Api_step_definition.verify_that_status_code_and_content_type(int,java.lang.String)&amp#27;[0m
  &amp#27;[32mWhen &amp#27;[0m&amp#27;[32mthe request for &amp#27;[0m&amp#27;[32m&amp#27;[1m"available"&amp#27;[0m&amp#27;[32m pets status&amp#27;[0m                        &amp#27;[90m# store.step_definitions.Api_step_definition.the_request_for_pets_status(java.lang.String)&amp#27;[0m
  &amp#27;[32mAnd &amp#27;[0m&amp#27;[32mshould be pets status with the name &amp#27;[0m&amp#27;[32m&amp#27;[1m"doggie"&amp#27;[0m                    &amp#27;[90m# store.step_definitions.Api_step_definition.should_be_pets_status_with_the_name(java.lang.String)&amp#27;[0m
  &amp#27;[31mThen &amp#27;[0m&amp#27;[31mverify correct number of the pets count &amp#27;[0m&amp#27;[31m&amp#27;[1m13&amp#27;[0m                     &amp#27;[90m# store.step_definitions.Api_step_definition.verifyCorrectNumberOfThePetsCount(int)&amp#27;[0m
      &amp#27;[31mjava.lang.AssertionError: Verify doggie names count  expected:<13> but was:<33>
	at org.junit.Assert.fail(Assert.java:89)
	at org.junit.Assert.failNotEquals(Assert.java:835)
	at org.junit.Assert.assertEquals(Assert.java:647)
	at store.step_definitions.Api_step_definition.verifyCorrectNumberOfThePetsCount(Api_step_definition.java:49)
	at âœ½.verify correct number of the pets count 13(file:///C:/Users/User/IdeaProjects/MasterCard_RestAPI_Project/src/test/resources/api_features/FindByStatus.feature:9)
&amp#27;[0m
]]></system-out>
  </testcase>
</testsuite>